<?xml version="1.0" encoding="UTF-8"?>
<robot generator="Robot 7.2 (Python 3.13.1 on win32)" generated="2025-01-31T23:19:37.413510" rpa="false" schemaversion="5">
<suite id="s1" name="Robot Digi Api Test" source="C:\Users\ABN\Desktop\toman\api\robot_digi_api_test.robot">
<test id="s1-t1" name="Scenario: Verify Digikala API Returns Valid Response" line="6">
<kw name="Given Setup Digikala API Session" owner="digi">
<kw name="Create Session" owner="RequestsLibrary">
<msg time="2025-01-31T23:19:38.282869" level="INFO">Creating Session using : alias=digikala, url=https://api.digikala.com/v1/dynamic-landing/mobile/, headers={'accept': 'application/json', 'origin': 'https://www.digikala.com', 'user-agent': 'Mozilla/5.0 (Windows NT 10.0; Win64; x64) AppleWebKit/537.36 (KHTML, like Gecko) Chrome/132.0.0.0 Safari/537.36', 'x-web-client': 'desktop', 'x-web-optimize-response': '1'},                     cookies={}, auth=None, timeout=None, proxies=None, verify=False,                     debug=0 </msg>
<arg>digikala</arg>
<arg>${BASE_URL}</arg>
<arg>headers=&amp;{HEADERS}</arg>
<doc>Create Session: create a HTTP session to a server</doc>
<status status="PASS" start="2025-01-31T23:19:38.282503" elapsed="0.000622"/>
</kw>
<status status="PASS" start="2025-01-31T23:19:38.281857" elapsed="0.001385"/>
</kw>
<kw name="When Send GET Request To Digikala API" owner="digi">
<kw name="GET On Session" owner="RequestsLibrary">
<msg time="2025-01-31T23:19:49.587181" level="INFO">GET Request : url=https://api.digikala.com/v1/dynamic-landing/mobile/ 
 path_url=/v1/dynamic-landing/mobile/ 
 headers={'user-agent': 'Mozilla/5.0 (Windows NT 10.0; Win64; x64) AppleWebKit/537.36 (KHTML, like Gecko) Chrome/132.0.0.0 Safari/537.36', 'Accept-Encoding': 'gzip, deflate', 'accept': 'application/json', 'Connection': 'keep-alive', 'origin': 'https://www.digikala.com', 'x-web-client': 'desktop', 'x-web-optimize-response': '1'} 
 body=None 
 </msg>
<msg time="2025-01-31T23:19:49.588331" level="INFO">GET Response : url=https://api.digikala.com/v1/dynamic-landing/mobile/ 
 status=200, reason=OK 
 headers={'Server': 'DigiCDN Edge', 'Date': 'Fri, 31 Jan 2025 19:49:47 GMT', 'Content-Type': 'application/json', 'Transfer-Encoding': 'chunked', 'Connection': 'keep-alive', 'Vary': 'Accept-Encoding, Accept-Encoding, Accept-Encoding', 'Cache-Control': 'no-cache, private', 'Set-Cookie': 'tracker_glob_new=eRxRv9i; expires=Sat, 05-Jan-2030 19:49:47 GMT; Max-Age=155520000; path=/; domain=digikala.com; secure; httponly; samesite=none, tracker_session=6K5rtkg; expires=Fri, 31-Jan-2025 20:19:47 GMT; Max-Age=1800; path=/; secure; httponly; samesite=none, TS01c77ebf=0102310591c3d100d120b57375fb3d6b82ddcea59ee7ba266e4b2a15b5ca0c69d2f91e2122728b2822f169dbf84d167688f466f01e621a22d4a426560f1ce0b6e4efad7458; Path=/; Domain=.api.digikala.com;, TS01b6ea4d=01023105911429e69ec40c12f4a66748945c2fb8e7e7ba266e4b2a15b5ca0c69d2f91e2122f3e595bf4c46afb020959243aa628259eb09186f900986587168457735abf672; path=/; domain=digikala.com', 'Access-Control-Allow-Origin': 'https://www.digikala.com', 'Access-Control-Allow-Credentials': 'true', 'Access-Control-Allow-Methods': 'GET, POST, PUT, DELETE, OPTIONS', 'Access-Control-Allow-Headers': 'Authorization,x-web-city-id,x-web-client-id,x-web-client,x-web-global-user-id,x-web-optimize-response,x-web-session-id,content-type', 'Content-Encoding': 'gzip', 'X-Edge-Server': 'SN-K8s/SN-K8s-77', 'Server-Timing': 'total;dur=10.378', 'X-DK-Request-ID': '31641d590d5d5862fd0d555ffe4c82ae', 'X-DK-Server-ID': 'pg-dpt-e01'} 
 body={"status":200,"data":{"landing_id":1591,"logged_in":false,"seo":{"description":"","header":{"robots_meta":"noindex, nofollow"}},"widgets":[{"widget_type":"hero","widget_id":14598,"data":{"type":"slider","home_page_slider":false,"is_loop":false,"is_auto_play":true,"auto_play_delay":0,"is_full":false,"mobile_slides":[{"url":{"base":"https:\/\/dgka.me","uri":"\/CgZJU"},"image":{"id":58777,"alt":"","title":"","url":"https:\/\/dkstatics-public.digikala.com\/digikala-admin-landing\/21ba28379032de5a3f223bc314f1e41e5fcbb41b_1737981060.jpg","webp_url":"https:\/\/dkstatics-public.digikala.com\/digikala-admin-landing\/21ba28379032de5a3f223bc314f1e41e5fcbb41b_1737981060.jpg?x-oss-process=image\/format,webp"}},{"url":{"uri":"\/product-list\/plp_230802496?camCode=1591"},"image":{"id":56453,"alt":"","title":"","url":"https:\/\/dkstatics-public.digikala.com\/digikala-admin-landing\/06f016abc0e0999f13c40fabeee80f1e55ce3b6b_1732129484.jpg","webp_url":"https:\/\/dkstatics-public.digikala.com\/digikala-admin-landing\/06f016abc0e0999f13c40fabeee80f1e55ce3b6b_1732129484.jpg?x-oss-process=image\/format,webp"}},{"url":{"uri":"\/product-list\/plp_204054600\/?camCode=1591"},"image":{"id":55593,"alt":"","title":"","url":"https:\/\/dkstatics-public.digikala.com\/digikala-admin-landing\/c14c1c7fc8e64969dd04bf1a7510763ec1eff001_1730728535.jpg","webp_url":"https:\/\/dkstatics-public.digikala.com\/digikala-admin-landing\/c14c1c7fc8e64969dd04bf1a7510763ec1eff001_1730728535.jpg?x-oss-process=image\/format,webp"}},{"url":{"uri":"\/landing\/mobilegraphy\/?camCode=1591"},"image":{"id":55994,"alt":"","title":"photography mobiles","url":"https:\/\/dkstatics-public.digikala.com\/digikala-admin-landing\/45d3a38e85628741f36ab9f7b73d48c79daeb709_1731932137.jpg","webp_url":"https:\/\/dkstatics-public.digikala.com\/digikala-admin-landing\/45d3a38e85628741f36ab9f7b73d48c79daeb709_1731932137.jpg?x-oss-process=image\/format,webp"}},{"url":{"uri":"\/search\/category-mobile-phone\/honor\/?camCode=1591"},"image":{"id":58010,"alt":"","title":"","url":"https:\/\/dkstatics-public.digikala.com\/digikala-admin-landing\/f4eb4f6e3fecb11f9d44cecc6d8340d0f731e985_1735372184.jpg","webp_url":"https:\/\/dkstatics-public.digikala.com\/digikala-admin-landing\/f4eb4f6e3fecb11f9d44cecc6d8340d0f731e985_1735372184.jpg?x-oss-process=image\/format,webp"}},{"url":{"uri":"\/search\/category-mobile-phone\/xiaomi\/?sort=7\u0026camCode=1591"},"image":{"id":56011,"alt":"","title":"","url":"https:\/\/dkstatics-public.digikala.com\/digikala-admin-landing\/f070774335146fc7c5925583154117e6e0ea2421_1731938358.jpg","webp_url":"https:\/\/dkstatics-public.digikala.com\/digikala-admin-landing\/f070774335146fc7c5925583154117e6e0ea2421_1731938358.jpg?x-oss-process=image\/format,webp"}},{"url":{"uri":"\/product-list\/plp_205388667\/?sort=7\u0026utm_campaign=DKMOCATSLIDER\u0026utm_id=DK-MOCAT-SLIDER-USEDCAT-1212243\u0026utm_medium=SLIDER\u0026utm_source=DKMOCATPAGE\u0026camCode=1591"},"image":{"id":57461,"alt":"","title":"","url":"https:\/\/dkstatics-public.digikala.com\/digikala-admin-landing\/d15bdfd407210af38286f7cf4d4f0bebb5f3665f_1733935999.jpg","webp_url":"https:\/\/dkstatics-public.digikala.com\/digikala-admin-landing\/d15bdfd407210af38286f7cf4d4f0bebb5f3665f_1733935999.jpg?x-oss-process=image\/format,webp"}},{"url":{"uri":"\/search\/category-mobile-phone\/daria\/?camCode=1591"},"image":{"id":56393,"alt":"","title":"","url":"https:\/\/dkstatics-public.digikala.com\/digikala-admin-landing\/3e9448d0faf0a0cb92c993eb6d6323fd82f57e70_1732114473.jpg","webp_url":"https:\/\/dkstatics-public.digikala.com\/digikala-admin-landing\/3e9448d0faf0a0cb92c993eb6d6323fd82f57e70_1732114473.jpg?x-oss-process=image\/format,webp"}}],"desktop_slides":[{"url":{"base":"https:\/\/dgka.me","uri":"\/CgZJU"},"image":{"id":58776,"alt":"","title":"","url":"https:\/\/dkstatics-public.digikala.com\/digikala-admin-landing\/8bc0a127e6732f8496623b29bd3246d685a6753e_1737981060.jpg","webp_url":"https:\/\/dkstatics-public.digikala.com\/digikala-admin-landing\/8bc0a127e6732f8496623b29bd3246d685a6753e_1737981060.jpg?x-oss-process=image\/format,webp"}},{"url":{"uri":"\/product-list\/plp_230802496?camCode=1591"},"image":{"id":56452,"alt":"","title":"","url":"https:\/\/dkstatics-public.digikala.com\/digikala-admin-landing\/b72e8d6e7132e0c04ba38d1365643fb32df90d21_1732129484.jpg","webp_url":"https:\/\/dkstatics-public.digikala.com\/digikala-admin-landing\/b72e8d6e7132e0c04ba38d1365643fb32df90d21_1732129484.jpg?x-oss-process=image\/format,webp"}},{"url":{"uri":"\/product-list\/plp_204054600\/?camCode=1591"},"image":{"id":55592,"alt":"","title":"","url":"https:\/\/dkstatics-public.digikala.com\/digikala-admin-landing\/3008663a946f721acf073902fdce594c7d03f68f_1730728533.jpg","webp_url":"https:\/\/dkstatics-public.digikala.com\/digikala-admin-landing\/3008663a946f721acf073902fdce594c7d03f68f_1730728533.jpg?x-oss-process=image\/format,webp"}},{"url":{"uri":"\/landing\/mobilegraphy\/?camCode=1591"},"image":{"id":55995,"alt":"","title":"photography mobiles","url":"https:\/\/dkstatics-public.digikala.com\/digikala-admin-landing\/43e474e14dd0c87836b945d8619e53c0a5a1018c_1731932137.jpg","webp_url":"https:\/\/dkstatics-public.digikala.com\/digikala-admin-landing\/43e474e14dd0c87836b945d8619e53c0a5a1018c_1731932137.jpg?x-oss-process=image\/format,webp"}},{"url":{"uri":"\/search\/category-mobile-phone\/honor\/?camCode=1591"},"image":{"id":58008,"alt":"","title":"","url":"https:\/\/dkstatics-public.digikala.com\/digikala-admin-landing\/7482be8aeaf7dde2230e979c5e40c58aa45258b2_1735372178.jpg","webp_url":"https:\/\/dkstatics-public.digikala.com\/digikala-admin-landing\/7482be8aeaf7dde2230e979c5e40c58aa45258b2_1735372178.jpg?x-oss-process=image\/format,webp"}},{"url":{"uri":"\/search\/category-mobile-phone\/xiaomi\/?sort=7\u0026camCode=1591"},"image":{"id":56012,"alt":"","title":"","url":"https:\/\/dkstatics-public.digikala.com\/digikala-admin-landing\/e55fa9262a3a087314c0c8c9faf6562b7ba3dbec_1731938358.jpg","webp_url":"https:\/\/dkstatics-public.digikala.com\/digikala-admin-landing\/e55fa9262a3a087314c0c8c9faf6562b7ba3dbec_1731938358.jpg?x-oss-process=image\/format,webp"}},{"url":{"uri":"\/product-list\/plp_205388667\/?sort=7\u0026utm_campaign=DKMOCATSLIDER\u0026utm_id=DK-MOCAT-SLIDER-USEDCAT-1212243\u0026utm_medium=SLIDER\u0026utm_source=DKMOCATPAGE\u0026camCode=1591"},"image":{"id":57462,"alt":"","title":"","url":"https:\/\/dkstatics-public.digikala.com\/digikala-admin-landing\/ce776aac9685d028a014c9c2aa88e300860facc7_1733936004.jpg","webp_url":"https:\/\/dkstatics-public.digikala.com\/digikala-admin-landing\/ce776aac9685d028a014c9c2aa88e300860facc7_1733936004.jpg?x-oss-process=image\/format,webp"}},{"url":{"uri":"\/search\/category-mobile-phone\/daria\/?camCode=1591"},"image":{"id":56394,"alt":"","title":"","url":"https:\/\/dkstatics-public.digikala.com\/digikala-admin-landing\/45dfd6bb8ee8d8eb66d0de417314dfb68f0ce71b_1732114473.jpg","webp_url":"https:\/\/dkstatics-public.digikala.com\/digikala-admin-landing\/45dfd6bb8ee8d8eb66d0de417314dfb68f0ce71b_1732114473.jpg?x-oss-process=image\/format,webp"}}]},"sort":1},{"widget_type":"special_carousel","widget_id":14599,"data":{"type":"simple","title":"\u0647\u0645\u0647 \u0645\u0648\u0628\u0627\u06cc\u0644\u200c\u0647\u0627","description":"","carousel":{"title":"\u0647\u0645\u0647 \u0645\u0648\u0628\u0627\u06cc\u0644\u200c\u0647\u0627","discount_percent":4,"see_more_url":{"uri":"\/promotion-page\/plp_191604664\/?camCode=1591"},"products":[{"id":13714776,"title_fa":"\u06af\u0648\u0634\u06cc \u0645\u0648\u0628\u0627\u06cc\u0644 \u0633\u0627\u0645\u0633\u0648\u0646\u06af \u0645\u062f\u0644 Galaxy S24 Ultra \u062f\u0648 \u0633\u06cc\u0645 \u06a9\u0627\u0631\u062a \u0638\u0631\u0641\u06cc\u062a 256 \u06af\u06cc\u06af\u0627\u0628\u0627\u06cc\u062a \u0648 \u0631\u0645 12 \u06af\u06cc\u06af\u0627\u0628\u0627\u06cc\u062a - \u0648\u06cc\u062a\u0646\u0627\u0645 ","title_en":"Samsung Galaxy S24 Ultra Dual SIM 256GB And 12GB RAM Mobile Phone - Vietnam","url":{"uri":"\/product\/dkp-13714776\/\u06af\u0648\u0634\u06cc-\u0645\u0648\u0628\u0627\u06cc\u0644-\u0633\u0627\u0645\u0633\u0648\u0646\u06af-\u0645\u062f\u0644-galaxy-s24-ultra-\u062f\u0648-\u0633\u06cc\u0645-\u06a9\u0627\u0631\u062a-\u0638\u0631\u0641\u06cc\u062a-256-\u06af\u06cc\u06af\u0627\u0628\u0627\u06cc\u062a-\u0648-\u0631\u0645-12-\u06af\u06cc\u06af\u0627\u0628\u0627\u06cc\u062a-\u0648\u06cc\u062a\u0646\u0627\u0645"},"status":"marketable","has_quick_view":false,"data_layer":{"brand":"\u0633\u0627\u0645\u0633\u0648\u0646\u06af","category":"[MO,\u06af\u0648\u0634\u06cc \u0645\u0648\u0628\u0627\u06cc\u0644]","metric6":2674,"dimension2":1,"dimension6":0,"dimension7":"special-offer","dimension9":4.6,"dimension11":0,"dimension20":"marketable","item_category2":"\u0645\u0648\u0628\u0627\u06cc\u0644","item_category3":"\u06af\u0648\u0634\u06cc \u0645\u0648\u0628\u0627\u06cc\u0644","item_category4":"","item_category5":""},"product_type":"product","test_title_fa":"","test_title_en":"","digiplus":{"services":["\u06f4 \u0627\u0631\u0633\u0627\u0644 \u0631\u0627\u06cc\u06af\u0627\u0646 \u0639\u0627\u062f\u06cc","\u06f2 \u0627\u0631\u0633\u0627\u0644 \u0633\u0648\u067e\u0631\u0645\u0627\u0631\u06a9\u062a","\u067e\u0634\u062a\u06cc\u0628\u0627\u0646\u06cc \u0627\u062e\u062a\u0635\u0627\u0635\u06cc","\u0627\u0631\u0633\u0627\u0644 \u0641\u0648\u0631\u06cc \u0628\u0631\u0627\u06cc \u0634\u0647\u0631 \u062a\u0647\u0631\u0627\u0646 (\u0631\u0627\u06cc\u06af\u0627\u0646)"],"services_summary":["\u0627\u0631\u0633\u0627\u0644 \u0641\u0648\u0631\u06cc \u0628\u0631\u0627\u06cc \u0634\u0647\u0631 \u062a\u0647\u0631\u0627\u0646 (\u0631\u0627\u06cc\u06af\u0627\u0646)"],"service_list":[{"title":"\u06f4 \u0627\u0631\u0633\u0627\u0644 \u0631\u0627\u06cc\u06af\u0627\u0646 \u0639\u0627\u062f\u06cc"},{"title":"\u06f2 \u0627\u0631\u0633\u0627\u0644 \u0633\u0648\u067e\u0631\u0645\u0627\u0631\u06a9\u062a"},{"title":"\u067e\u0634\u062a\u06cc\u0628\u0627\u0646\u06cc \u0627\u062e\u062a\u0635\u0627\... (set the log level to DEBUG or TRACE to see the full content) 
 </msg>
<msg time="2025-01-31T23:19:49.589525" level="INFO">C:\Users\ABN\AppData\Local\Programs\Python\Python313\Lib\site-packages\urllib3\connectionpool.py:1097: InsecureRequestWarning: Unverified HTTPS request is being made to host '127.0.0.1'. Adding certificate verification is strongly advised. See: https://urllib3.readthedocs.io/en/latest/advanced-usage.html#tls-warnings
  warnings.warn(</msg>
<msg time="2025-01-31T23:19:49.593147" level="INFO">${response} = &lt;Response [200]&gt;</msg>
<var>${response}</var>
<arg>digikala</arg>
<arg>/</arg>
<doc>Sends a GET request on a previously created HTTP Session.</doc>
<status status="PASS" start="2025-01-31T23:19:38.284022" elapsed="11.309301"/>
</kw>
<kw name="Set Test Variable" owner="BuiltIn">
<msg time="2025-01-31T23:19:49.594673" level="INFO">${response} = &lt;Response [200]&gt;</msg>
<arg>${response}</arg>
<arg>${response}</arg>
<doc>Makes a variable available everywhere within the scope of the current test.</doc>
<status status="PASS" start="2025-01-31T23:19:49.593806" elapsed="0.001054"/>
</kw>
<status status="PASS" start="2025-01-31T23:19:38.283749" elapsed="11.311391"/>
</kw>
<kw name="Then Response Should Be 200" owner="digi">
<kw name="Should Be Equal As Strings" owner="BuiltIn">
<msg time="2025-01-31T23:19:49.598600" level="INFO">Argument types are:
&lt;class 'int'&gt;
&lt;class 'str'&gt;</msg>
<arg>${response.status_code}</arg>
<arg>200</arg>
<doc>Fails if objects are unequal after converting them to strings.</doc>
<status status="PASS" start="2025-01-31T23:19:49.597094" elapsed="0.001718"/>
</kw>
<status status="PASS" start="2025-01-31T23:19:49.596296" elapsed="0.002747"/>
</kw>
<kw name="And Log Response Body" owner="digi">
<kw name="Log" owner="BuiltIn">
<msg time="2025-01-31T23:19:49.652842" level="INFO">{'status': 200, 'data': {'landing_id': 1591, 'logged_in': False, 'seo': {'description': '', 'header': {'robots_meta': 'noindex, nofollow'}}, 'widgets': [{'widget_type': 'hero', 'widget_id': 14598, 'data': {'type': 'slider', 'home_page_slider': False, 'is_loop': False, 'is_auto_play': True, 'auto_play_delay': 0, 'is_full': False, 'mobile_slides': [{'url': {'base': 'https://dgka.me', 'uri': '/CgZJU'}, 'image': {'id': 58777, 'alt': '', 'title': '', 'url': 'https://dkstatics-public.digikala.com/digikala-admin-landing/21ba28379032de5a3f223bc314f1e41e5fcbb41b_1737981060.jpg', 'webp_url': 'https://dkstatics-public.digikala.com/digikala-admin-landing/21ba28379032de5a3f223bc314f1e41e5fcbb41b_1737981060.jpg?x-oss-process=image/format,webp'}}, {'url': {'uri': '/product-list/plp_230802496?camCode=1591'}, 'image': {'id': 56453, 'alt': '', 'title': '', 'url': 'https://dkstatics-public.digikala.com/digikala-admin-landing/06f016abc0e0999f13c40fabeee80f1e55ce3b6b_1732129484.jpg', 'webp_url': 'https://dkstatics-public.digikala.com/digikala-admin-landing/06f016abc0e0999f13c40fabeee80f1e55ce3b6b_1732129484.jpg?x-oss-process=image/format,webp'}}, {'url': {'uri': '/product-list/plp_204054600/?camCode=1591'}, 'image': {'id': 55593, 'alt': '', 'title': '', 'url': 'https://dkstatics-public.digikala.com/digikala-admin-landing/c14c1c7fc8e64969dd04bf1a7510763ec1eff001_1730728535.jpg', 'webp_url': 'https://dkstatics-public.digikala.com/digikala-admin-landing/c14c1c7fc8e64969dd04bf1a7510763ec1eff001_1730728535.jpg?x-oss-process=image/format,webp'}}, {'url': {'uri': '/landing/mobilegraphy/?camCode=1591'}, 'image': {'id': 55994, 'alt': '', 'title': 'photography mobiles', 'url': 'https://dkstatics-public.digikala.com/digikala-admin-landing/45d3a38e85628741f36ab9f7b73d48c79daeb709_1731932137.jpg', 'webp_url': 'https://dkstatics-public.digikala.com/digikala-admin-landing/45d3a38e85628741f36ab9f7b73d48c79daeb709_1731932137.jpg?x-oss-process=image/format,webp'}}, {'url': {'uri': '/search/category-mobile-phone/honor/?camCode=1591'}, 'image': {'id': 58010, 'alt': '', 'title': '', 'url': 'https://dkstatics-public.digikala.com/digikala-admin-landing/f4eb4f6e3fecb11f9d44cecc6d8340d0f731e985_1735372184.jpg', 'webp_url': 'https://dkstatics-public.digikala.com/digikala-admin-landing/f4eb4f6e3fecb11f9d44cecc6d8340d0f731e985_1735372184.jpg?x-oss-process=image/format,webp'}}, {'url': {'uri': '/search/category-mobile-phone/xiaomi/?sort=7&amp;camCode=1591'}, 'image': {'id': 56011, 'alt': '', 'title': '', 'url': 'https://dkstatics-public.digikala.com/digikala-admin-landing/f070774335146fc7c5925583154117e6e0ea2421_1731938358.jpg', 'webp_url': 'https://dkstatics-public.digikala.com/digikala-admin-landing/f070774335146fc7c5925583154117e6e0ea2421_1731938358.jpg?x-oss-process=image/format,webp'}}, {'url': {'uri': '/product-list/plp_205388667/?sort=7&amp;utm_campaign=DKMOCATSLIDER&amp;utm_id=DK-MOCAT-SLIDER-USEDCAT-1212243&amp;utm_medium=SLIDER&amp;utm_source=DKMOCATPAGE&amp;camCode=1591'}, 'image': {'id': 57461, 'alt': '', 'title': '', 'url': 'https://dkstatics-public.digikala.com/digikala-admin-landing/d15bdfd407210af38286f7cf4d4f0bebb5f3665f_1733935999.jpg', 'webp_url': 'https://dkstatics-public.digikala.com/digikala-admin-landing/d15bdfd407210af38286f7cf4d4f0bebb5f3665f_1733935999.jpg?x-oss-process=image/format,webp'}}, {'url': {'uri': '/search/category-mobile-phone/daria/?camCode=1591'}, 'image': {'id': 56393, 'alt': '', 'title': '', 'url': 'https://dkstatics-public.digikala.com/digikala-admin-landing/3e9448d0faf0a0cb92c993eb6d6323fd82f57e70_1732114473.jpg', 'webp_url': 'https://dkstatics-public.digikala.com/digikala-admin-landing/3e9448d0faf0a0cb92c993eb6d6323fd82f57e70_1732114473.jpg?x-oss-process=image/format,webp'}}], 'desktop_slides': [{'url': {'base': 'https://dgka.me', 'uri': '/CgZJU'}, 'image': {'id': 58776, 'alt': '', 'title': '', 'url': 'https://dkstatics-public.digikala.com/digikala-admin-landing/8bc0a127e6732f8496623b29bd3246d685a6753e_1737981060.jpg', 'webp_url': 'https://dkstatics-public.digikala.com/digikala-admin-landing/8bc0a127e6732f8496623b29bd3246d685a6753e_1737981060.jpg?x-oss-process=image/format,webp'}}, {'url': {'uri': '/product-list/plp_230802496?camCode=1591'}, 'image': {'id': 56452, 'alt': '', 'title': '', 'url': 'https://dkstatics-public.digikala.com/digikala-admin-landing/b72e8d6e7132e0c04ba38d1365643fb32df90d21_1732129484.jpg', 'webp_url': 'https://dkstatics-public.digikala.com/digikala-admin-landing/b72e8d6e7132e0c04ba38d1365643fb32df90d21_1732129484.jpg?x-oss-process=image/format,webp'}}, {'url': {'uri': '/product-list/plp_204054600/?camCode=1591'}, 'image': {'id': 55592, 'alt': '', 'title': '', 'url': 'https://dkstatics-public.digikala.com/digikala-admin-landing/3008663a946f721acf073902fdce594c7d03f68f_1730728533.jpg', 'webp_url': 'https://dkstatics-public.digikala.com/digikala-admin-landing/3008663a946f721acf073902fdce594c7d03f68f_1730728533.jpg?x-oss-process=image/format,webp'}}, {'url': {'uri': '/landing/mobilegraphy/?camCode=1591'}, 'image': {'id': 55995, 'alt': '', 'title': 'photography mobiles', 'url': 'https://dkstatics-public.digikala.com/digikala-admin-landing/43e474e14dd0c87836b945d8619e53c0a5a1018c_1731932137.jpg', 'webp_url': 'https://dkstatics-public.digikala.com/digikala-admin-landing/43e474e14dd0c87836b945d8619e53c0a5a1018c_1731932137.jpg?x-oss-process=image/format,webp'}}, {'url': {'uri': '/search/category-mobile-phone/honor/?camCode=1591'}, 'image': {'id': 58008, 'alt': '', 'title': '', 'url': 'https://dkstatics-public.digikala.com/digikala-admin-landing/7482be8aeaf7dde2230e979c5e40c58aa45258b2_1735372178.jpg', 'webp_url': 'https://dkstatics-public.digikala.com/digikala-admin-landing/7482be8aeaf7dde2230e979c5e40c58aa45258b2_1735372178.jpg?x-oss-process=image/format,webp'}}, {'url': {'uri': '/search/category-mobile-phone/xiaomi/?sort=7&amp;camCode=1591'}, 'image': {'id': 56012, 'alt': '', 'title': '', 'url': 'https://dkstatics-public.digikala.com/digikala-admin-landing/e55fa9262a3a087314c0c8c9faf6562b7ba3dbec_1731938358.jpg', 'webp_url': 'https://dkstatics-public.digikala.com/digikala-admin-landing/e55fa9262a3a087314c0c8c9faf6562b7ba3dbec_1731938358.jpg?x-oss-process=image/format,webp'}}, {'url': {'uri': '/product-list/plp_205388667/?sort=7&amp;utm_campaign=DKMOCATSLIDER&amp;utm_id=DK-MOCAT-SLIDER-USEDCAT-1212243&amp;utm_medium=SLIDER&amp;utm_source=DKMOCATPAGE&amp;camCode=1591'}, 'image': {'id': 57462, 'alt': '', 'title': '', 'url': 'https://dkstatics-public.digikala.com/digikala-admin-landing/ce776aac9685d028a014c9c2aa88e300860facc7_1733936004.jpg', 'webp_url': 'https://dkstatics-public.digikala.com/digikala-admin-landing/ce776aac9685d028a014c9c2aa88e300860facc7_1733936004.jpg?x-oss-process=image/format,webp'}}, {'url': {'uri': '/search/category-mobile-phone/daria/?camCode=1591'}, 'image': {'id': 56394, 'alt': '', 'title': '', 'url': 'https://dkstatics-public.digikala.com/digikala-admin-landing/45dfd6bb8ee8d8eb66d0de417314dfb68f0ce71b_1732114473.jpg', 'webp_url': 'https://dkstatics-public.digikala.com/digikala-admin-landing/45dfd6bb8ee8d8eb66d0de417314dfb68f0ce71b_1732114473.jpg?x-oss-process=image/format,webp'}}]}, 'sort': 1}, {'widget_type': 'special_carousel', 'widget_id': 14599, 'data': {'type': 'simple', 'title': 'همه موبایل\u200cها', 'description': '', 'carousel': {'title': 'همه موبایل\u200cها', 'discount_percent': 4, 'see_more_url': {'uri': '/promotion-page/plp_191604664/?camCode=1591'}, 'products': [{'id': 13714776, 'title_fa': 'گوشی موبایل سامسونگ مدل Galaxy S24 Ultra دو سیم کارت ظرفیت 256 گیگابایت و رم 12 گیگابایت - ویتنام ', 'title_en': 'Samsung Galaxy S24 Ultra Dual SIM 256GB And 12GB RAM Mobile Phone - Vietnam', 'url': {'uri': '/product/dkp-13714776/گوشی-موبایل-سامسونگ-مدل-galaxy-s24-ultra-دو-سیم-کارت-ظرفیت-256-گیگابایت-و-رم-12-گیگابایت-ویتنام'}, 'status': 'marketable', 'has_quick_view': False, 'data_layer': {'brand': 'سامسونگ', 'category': '[MO,گوشی موبایل]', 'metric6': 2674, 'dimension2': 1, 'dimension6': 0, 'dimension7': 'special-offer', 'dimension9': 4.6, 'dimension11': 0, 'dimension20': 'marketable', 'item_category2': 'موبایل', 'item_category3': 'گوشی موبایل', 'item_category4': '', 'item_category5': ''}, 'product_type': 'product', 'test_title_fa': '', 'test_title_en': '', 'digiplus': {'services': ['۴ ارسال رایگان عادی', '۲ ارسال سوپرمارکت', 'پشتیبانی اختصاصی', 'ارسال فوری برای شهر تهران (رایگان)'], 'services_summary': ['ارسال فوری برای شهر تهران (رایگان)'], 'service_list': [{'title': '۴ ارسال رایگان عادی'}, {'title': '۲ ارسال سوپرمارکت'}, {'title': 'پشتیبانی اختصاصی'}, {'title': 'ارسال فوری برای شهر تهران (رایگان)'}], 'is_jet_eligible': True, 'cash_back': 0, 'is_general_location_jet_eligible': False, 'fast_shipping_text': 'ارسال فردا'}, 'has_fresh_touchpoint': False, 'platforms': ['digikala'], 'images': {'main': {'url': ['https://dkstatics-public.digikala.com/digikala-products/c23b49b0be1c4ae5b2a3d7a3281d2f1731065243_1726037574.jpg?x-oss-process=image/resize,m_lfit,h_300,w_300/quality,q_80'], 'webp_url': ['https://dkstatics-public.digikala.com/digikala-products/c23b49b0be1c4ae5b2a3d7a3281d2f1731065243_1726037574.jpg?x-oss-process=image/resize,m_lfit,h_300,w_300/format,webp/quality,q_80']}}, 'properties': {'is_fast_shipping': False, 'is_ship_by_seller': False, 'free_shipping_badge': False, 'is_multi_warehouse': False, 'is_fake': False, 'has_gift': False, 'min_price_in_last_month': 476990000, 'is_non_inventory': False, 'is_ad': False, 'is_jet_eligible': False, 'is_medical_supplement': False}, 'rating': {'rate': 90.56095736724009, 'count': 2674}, 'default_variant': {'id': 48825366, 'lead_time': 0, 'rank': 77.43, 'rate': 88.6, 'statistics': {'totally_satisfied': {'rate_count': 575, 'rate': 71.25}, 'satisfied': {'rate_count': 122, 'rate': 15.12}, 'neutral': {'rate_count': 44, 'rate': 5.45}, 'dissatisfied': {'rate_count': 18, 'rate': 2.23}, 'totally_dissatisfied': {'rate_count': 48, 'rate': 5.95}, 'total_count': 807, 'total_rate': 88.6}, 'status': 'marketable', 'properties': {'is_fast_shipping': False, 'is_ship_by_seller': False, 'is_multi_warehouse': False, 'has_similar_variants': False, 'is_rural': False, 'in_digikala_warehouse': True}, 'digiplus': {'services': ['۴ ارسال رایگان عادی', '۲ ارسال سوپرمارکت', 'پشتیبانی اختصاصی', 'ارسال فوری برای شهر تهران (رایگان)'], 'services_summary': ['ارسال فوری برای شهر تهران (رایگان)'], 'service_list': [{'title': '۴ ارسال رایگان عادی'}, {'title': '۲ ارسال سوپرمارکت'}, {'title': 'پشتیبانی اختصاصی'}, {'title': 'ارسال فوری برای شهر تهران (رایگان)'}], 'is_jet_eligible': True, 'cash_back': 0, 'is_general_location_jet_eligible': False, 'fast_shipping_text': 'ارسال فردا'}, 'warranty': {'id': 9732, 'title_fa': 'گارانتی 18 ماهه شرکتی', 'title_en': 'گارانتی 18 ماهه شرکتی'}, 'color': {'id': 1, 'title': 'مشکی', 'hex_code': '#212121'}, 'seller': {'id': 1, 'title': 'دیجی\u200cکالا', 'code': '5A52N', 'url': 'https://www.digikala.com/seller/5A52N/', 'rating': {'total_rate': 0, 'total_count': 0, 'commitment': 100, 'no_return': 99.9, 'on_time_shipping': 100}, 'properties': {'is_trusted': False, 'is_official': False, 'is_roosta': False, 'is_new': False}, 'stars': 5, 'grade': {'label': 'عالی', 'color': '#00a049'}, 'registration_date': '8 سال و 5 ماه'}, 'digiclub': {'point': 150}, 'insurance': {'covers': [{'description': 'جبران ۱۰۰ درصدی خسارات انواع سرقت', 'maxUseCount': 1}, {'description': 'جبران ۱۰۰ درصدی انواع صدمات فیزیکی مانند ضربه دیدگی، شکستگی و آب\u200cخوردگی غیرعمدی'}, {'description': 'جبران ۱۰۰ درصدی آتش\u200cسوزی و انفجار\u200cهای غیرعمدی'}, {'description': 'جبران ۱۰۰ درصدی سوختگی یا نیم\u200cسوز شدن، القای الکتریکی، اتصال کوتاه و نوسانات ولتاژ غیرعمدی'}, {'description': 'همچنین تمام فرایند\u200cهای بیمه دیجی\u200cپی از خرید تا دریافت خسارت آنلاین است.'}, {'description': 'هزینه\u200cهای دستگاه صدمه دیده حتی گوشی\u200cهای آیفون در کمتر از ۴۸ ساعت بعد از اعلام خسارت پرداخت می\u200cشود.'}, {'description': 'تعمیرات توسط متخصصین دیجی\u200cکالا سرویس انجام می\u200cشود و هر تعمیر ۳ ماه و هر قطعه تعمیر شده ۶ ماه گارانتی دارد.'}, {'description': '* توجه: برای استفاده از بیمه، بعد از دریافت کالای دیجیتال خود، به سایت دیجی\u200cپی، بخش بیمه تجهیزات و بعد پنل کاربری مراجعه کنید و بیمه خود را فعال کنید. در غیر این\u200cصورت امکان دانلود بیمه\u200cنامه و دریافت خسارت وجود ندارد.'}, {'description': 'برای اعلام خسارت وارد پنل کاربری خود در سایت دیجی\u200cپی شوید و اطلاعات خود را تکمیل کنید.'}, {'description': 'برای رفع مشکلات و سوالات خود می\u200cتوانید در هفت روز هفته با شماره ۰۲۱۶۱۹۳۰۴۰۰ تماس بگیرید.'}], 'base_premium': 11760000, 'discount': 0, 'tax': 1176000, 'total_premium': 12936000, 'terms_and_conditions': 'بران خسارات ناشی از ضربه خوردگی، شکستگی، آبخوردگی، سرقت با شکست حرز و کلیه حوادث مرتبط با دستگاه خریداری شده با کسورات و فرانشیز حداقل، بدون هزینه استهلاک \r\nارائه خدمات ویژه VIP، بدون هر گونه مراجعه فیزیکی', 'before_discount': 25872000, 'discount_percent': 50}, 'price': {'selling_price': 773990000, 'rrp_price': 784000000, 'order_limit': 1, 'is_incredible': False, 'is_promotion': True, 'is_locked_for_digiplus': False, 'bnpl_active': False, 'discount_percent': 1, 'badge': {'title': 'فروش ویژه', 'color': '#E6123D'}, 'is_digiplus_promotion': False, 'is_digiplus_early_access': False, 'is_application_incredible': False, 'is_lightening_deal': False, 'is_plus_early_access': False}, 'shipment_methods': {'description': 'موجود در انبار دیجی\u200cکالا', 'has_lead_time': True, 'providers': [{'title': 'ارسال دیجی\u200cکالا', 'description': 'این کالا در انبار دیجی\u200cکالا موجود و آماده پردازش است و توسط پیک دیجی\u200cکالا در بازه انتخابی ارسال خواهد شد.', 'has_lead_time': False, 'type': 'digikala'}, {'title': 'ارسال امروز (فعلا در شهر تهران و کرج)', 'description': 'اگر سفارش را قبل از ساعت ۶ عصر ثبت کنید، همان روز ارسال می\u200cشود. در صورت ثبت سفارش بعد از ساعت ۶ عصر، فردا ارسال خواهد شد.', 'has_lead_time': False, 'type': 'jet'}]}, 'has_importer_price': False, 'manufacture_price_not_exist': False, 'has_best_price_in_last_month': False}, 'second_default_variant': {'id': 51307162, 'lead_time': 0, 'rank': 76.158, 'rate': 92.8, 'statistics': {'totally_satisfied': {'rate_count': 22, 'rate': 78.57}, 'satisfied': {'rate_count': 3, 'rate': 10.71}, 'neutral': {'rate_count': 2, 'rate': 7.14}, 'dissatisfied': {'rate_count': 1, 'rate': 3.57}, 'totally_dissatisfied': {'rate_count': 0, 'rate': 0}, 'total_count': 28, 'total_rate': 92.8}, 'status': 'marketable', 'properties': {'is_fast_shipping': False, 'is_ship_by_seller': False, 'is_multi_warehouse': False, 'has_similar_variants': False, 'is_rural': False, 'in_digikala_warehouse': True}, 'digiplus': {'services': ['۴ ارسال رایگان عادی', '۲ ارسال سوپرمارکت', 'پشتیبانی اختصاصی', 'ارسال فوری برای شهر تهران (رایگان)'], 'services_summary': ['ارسال فوری برای شهر تهران (رایگان)'], 'service_list': [{'title': '۴ ارسال رایگان عادی'}, {'title': '۲ ارسال سوپرمارکت'}, {'title': 'پشتیبانی اختصاصی'}, {'title': 'ارسال فوری برای شهر تهران (رایگان)'}], 'is_jet_eligible': True, 'cash_back': 0, 'is_general_location_jet_eligible': False, 'fast_shipping_text': 'ارسال فردا'}, 'warranty': {'id': 9592, 'title_fa': 'گارانتی 18 ماهه شار گستر ارتباط برین (شارسل)', 'title_en': 'گارانتی 18 ماهه شار گستر ارتباط برین (شارسل)'}, 'color': {'id': 11, 'title': 'خاکستری', 'hex_code': '#9E9E9E'}, 'seller': {'id': 1, 'title': 'دیجی\u200cکالا', 'code': '5A52N', 'url': 'https://www.digikala.com/seller/5A52N/', 'rating': {'total_rate': 0, 'total_count': 0, 'commitment': 100, 'no_return': 99.9, 'on_time_shipping': 100}, 'properties': {'is_trusted': False, 'is_official': False, 'is_roosta': False, 'is_new': False}, 'stars': 5, 'grade': {'label': 'عالی', 'color': '#00a049'}, 'registration_date': '8 سال و 5 ماه'}, 'digiclub': {'point': 150}, 'insurance': {'covers': [{'description': 'جبران ۱۰۰ درصدی خسارات انواع سرقت', 'maxUseCount': 1}, {'description': 'جبران ۱۰۰ درصدی انواع صدمات فیزیکی مانند ضربه دیدگی، شکستگی و آب\u200cخوردگی غیرعمدی'}, {'description': 'جبران ۱۰۰ درصدی آتش\u200cسوزی و انفجار\u200cهای غیرعمدی'}, {'description': 'جبران ۱۰۰ درصدی سوختگی یا نیم\u200cسوز شدن، القای الکتریکی، اتصال کوتاه و نوسانات ولتاژ غیرعمدی'}, {'description': 'همچنین تمام فرایند\u200cهای بیمه دیجی\u200cپی از خرید تا دریافت خسارت آنلاین است.'}, {'description': 'هزینه\u200cهای دستگاه صدمه دیده حتی گوشی\u200cهای آیفون در کمتر از ۴۸ ساعت بعد از اعلام خسارت پرداخت می\u200cشود.'}, {'description': 'تعمیرات توسط متخصصین دیجی\u200cکالا سرویس انجام می\u200cشود و هر تعمیر ۳ ماه و هر قطعه تعمیر شده ۶ ماه گارانتی دارد.'}, {'description': '* توجه: برای استفاده از بیمه، بعد از دریافت کالای دیجیتال خود، به سایت دیجی\u200cپی، بخش بیمه تجهیزات و بعد پنل کاربری مراجعه کنید و بیمه خود را فعال کنید. در غیر این\u200cصورت امکان دانلود بیمه\u200cنامه و دریافت خسارت وجود ندارد.'}, {'description': 'برای اعلام خسارت وارد پنل کاربری خود در سایت دیجی\u200cپی شوید و اطلاعات خود را تکمیل کنید.'}, {'description': 'برای رفع مشکلات و سوالات خود می\u200cتوانید در هفت روز هفته با شماره ۰۲۱۶۱۹۳۰۴۰۰ تماس بگیرید.'}], 'base_premium': 11700000, 'discount': 0, 'tax': 1170000, 'total_premium': 12870000, 'terms_and_conditions': 'بران خسارات ناشی از ضربه خوردگی، شکستگی، آبخوردگی، سرقت با شکست حرز و کلیه حوادث مرتبط با دستگاه خریداری شده با کسورات و فرانشیز حداقل، بدون هزینه استهلاک \r\nارائه خدمات ویژه VIP، بدون هر گونه مراجعه فیزیکی', 'before_discount': 25740000, 'discount_percent': 50}, 'price': {'selling_price': 779990000, 'rrp_price': 779990000, 'order_limit': 1, 'is_incredible': False, 'is_promotion': False, 'is_locked_for_digiplus': False, 'bnpl_active': False, 'marketable_stock': 1, 'discount_percent': 0, 'is_plus_early_access': False}, 'shipment_methods': {'description': 'موجود در انبار دیجی\u200cکالا', 'has_lead_time': True, 'providers': [{'title': 'ارسال دیجی\u200cکالا', 'description': 'این کالا در انبار دیجی\u200cکالا موجود و آماده پردازش است و توسط پیک دیجی\u200cکالا در بازه انتخابی ارسال خواهد شد.', 'has_lead_time': False, 'type': 'digikala'}, {'title': 'ارسال امروز (فعلا در شهر تهران و کرج)', 'description': 'اگر سفارش را قبل از ساعت ۶ عصر ثبت کنید، همان روز ارسال می\u200cشود. در صورت ثبت سفارش بعد از ساعت ۶ عصر، فردا ارسال خواهد شد.', 'has_lead_time': False, 'type': 'jet'}]}, 'has_importer_price': False, 'manufacture_price_not_exist': False, 'has_best_price_in_last_month': False, 'variant_badges': [{'id': -1, 'type': 'simple', 'slot': 'pdp_above_add_to_cart', 'priority': 0, 'payload': {'text': 'تنها 1 عدد در انبار باقی مانده', 'text_color': '#d32f2f', 'svg_icon': 'https://dkstatics-public.digikala.com/digikala-static/54419b9303246cde131fcb5b251b86f2ab4aeb71_1716833765.svg'}}]}}, {'id': 14272357, 'title_fa': 'گوشی موبایل شیائومی مدل Redmi Note 13 4G دو سیم کارت ظرفیت 256 گیگابایت و رم 8 گیگابایت', 'title_en': 'Xiaomi Redmi Note 13 4G Dual SIM 256GB And 8GB RAM Mobile Phone', 'url': {'uri': '/product/dkp-14272357/گوشی-موبایل-شیائومی-مدل-redmi-note-13-4g-دو-سیم-کارت-ظرفیت-256-گیگابایت-و-رم-8-گیگابایت'}, 'status': 'marketable', 'has_quick_view': False, 'data_layer': {'brand': 'شیائومی', 'category': '[MO,گوشی موبایل]', 'metric6': 10200, 'dimension2': 0, 'dimension6': 0, 'dimension7': 'none', 'dimension9': 4.5, 'dimension11': 0, 'dimension20': 'marketable', 'item_category2': 'موبایل', 'item_category3': 'گوشی موبایل', 'item_category4': '', 'item_category5': ''}, 'product_type': 'product', 'test_title_fa': '', 'test_title_en': '', 'digiplus': {'services': ['۴ ارسال رایگان عادی', '۲ ارسال سوپرمارکت', 'پشتیبانی اختصاصی', 'ارسال فوری برای شهر تهران (رایگان)'], 'services_summary': ['ارسال فوری برای شهر تهران (رایگان)'], 'service_list': [{'title': '۴ ارسال رایگان عادی'}, {'title': '۲ ارسال سوپرمارکت'}, {'title': 'پشتیبانی اختصاصی'}, {'title': 'ارسال فوری برای شهر تهران (رایگان)'}], 'is_jet_eligible': True, 'cash_back': 0, 'is_general_location_jet_eligible': False, 'fast_shipping_text': 'ارسال فردا'}, 'has_fresh_touchpoint': False, 'platforms': ['digikala'], 'images': {'main': {'url': ['https://dkstatics-public.digikala.com/digikala-products/8c776cb3a61dbf955a8f9af271522cd10661bce7_1731419478.jpg?x-oss-process=image/resize,m_lfit,h_300,w_300/quality,q_80'], 'webp_url': ['https://dkstatics-public.digikala.com/digikala-products/8c776cb3a61dbf955a8f9af271522cd10661bce7_1731419478.jpg?x-oss-process=image/resize,m_lfit,h_300,w_300/format,webp/quality,q_80']}}, 'properties': {'is_fast_shipping': False, 'is_ship_by_seller': False, 'free_shipping_badge': False, 'is_multi_warehouse': False, 'is_fake': False, 'has_gift': False, 'min_price_in_last_month': 99000000, 'is_non_inventory': False, 'is_ad': False, 'is_jet_eligible': False, 'is_medical_supplement': False}, 'rating': {'rate': 89.17843137254903, 'count': 10200}, 'default_variant': {'id': 56436157, 'lead_time': 0, 'rank': 75.445, 'rate': 91.8, 'statistics': {'totally_satisfied': {'rate_count': 453, 'rate': 75}, 'satisfied': {'rate_count': 97, 'rate': 16.06}, 'neutral': {'rate_count': 29, 'rate': 4.8}, 'dissatisfied': {'rate_count': 8, 'rate': 1.32}, 'totally_dissatisfied': {'rate_count': 17, 'rate': 2.81}, 'total_count': 604, 'total_rate': 91.8}, 'status': 'marketable', 'properties': {'is_fast_shipping': False, 'is_ship_by_seller': False, 'is_multi_warehouse': False, 'has_similar_variants': False, 'is_rural': False, 'in_digikala_warehouse': True}, 'digiplus': {'services': ['۴ ارسال رایگان عادی', '۲ ارسال سوپرمارکت', 'پشتیبانی اختصاصی', 'ارسال فوری برای شهر تهران (رایگان)'], 'services_summary': ['ارسال فوری برای شهر تهران (رایگان)'], 'service_list': [{'title': '۴ ارسال رایگان عادی'}, {'title': '۲ ارسال سوپرمارکت'}, {'title': 'پشتیبانی اختصاصی'}, {'title': 'ارسال فوری برای شهر تهران (رایگان)'}], 'is_jet_eligible': True, 'cash_back': 0, 'is_general_location_jet_eligible': False, 'fast_shipping_text': 'ارسال فردا'}, 'warranty': {'id': 9732, 'title_fa': 'گارانتی 18 ماهه شرکتی', 'title_en': 'گارانتی 18 ماهه شرکتی'}, 'color': {'id': 1, 'title': 'مشکی', 'hex_code': '#212121'}, 'seller': {'id': 389375, 'title': 'اسمارت تکنولوژی قشم', 'code': 'CGDG9', 'url': 'https://www.digikala.com/seller/CGDG9/', 'rating': {'total_rate': 88, 'total_count': 37237, 'commitment': 99.9, 'no_return': 99.9, 'on_time_shipping': 99.9}, 'properties': {'is_trusted': True, 'is_official': False, 'is_roosta': False, 'is_new': False}, 'stars': 5, 'grade': {'label': 'عالی', 'color': '#00a049'}, 'registration_date': '4 سال و 6 ماه'}, 'digiclub': {'point': 150}, 'insurance': {'covers': [{'description': 'جبران ۱۰۰ درصدی خسارات انواع سرقت', 'maxUseCount': 1}, {'description': 'جبران ۱۰۰ درصدی انواع صدمات فیزیکی مانند ضربه دیدگی، شکستگی و آب\u200cخوردگی غیرعمدی'}, {'description': 'جبران ۱۰۰ درصدی آتش\u200cسوزی و انفجار\u200cهای غیرعمدی'}, {'description': 'جبران ۱۰۰ درصدی سوختگی یا نیم\u200cسوز شدن، القای الکتریکی، اتصال کوتاه و نوسانات ولتاژ غیرعمدی'}, {'description': 'همچنین تمام فرایند\u200cهای بیمه دیجی\u200cپی از خرید تا دریافت خسارت آنلاین است.'}, {'description': 'هزینه\u200cهای دستگاه صدمه دیده حتی گوشی\u200cهای آیفون در کمتر از ۴۸ ساعت بعد از اعلام خسارت پرداخت می\u200cشود.'}, {'description': 'تعمیرات توسط متخصصین دیجی\u200cکالا سرویس انجام می\u200cشود و هر تعمیر ۳ ماه و هر قطعه تعمیر شده ۶ ماه گارانتی دارد.'}, {'description': '* توجه: برای استفاده از بیمه، بعد از دریافت کالای دیجیتال خود، به سایت دیجی\u200cپی، بخش بیمه تجهیزات و بعد پنل کاربری مراجعه کنید و بیمه خود را فعال کنید. در غیر این\u200cصورت امکان دانلود بیمه\u200cنامه و دریافت خسارت وجود ندارد.'}, {'description': 'برای اعلام خسارت وارد پنل کاربری خود در سایت دیجی\u200cپی شوید و اطلاعات خود را تکمیل کنید.'}, {'description': 'برای رفع مشکلات و سوالات خود می\u200cتوانید در هفت روز هفته با شماره ۰۲۱۶۱۹۳۰۴۰۰ تماس بگیرید.'}], 'base_premium': 1850000, 'discount': 0, 'tax': 185000, 'total_premium': 2035000, 'terms_and_conditions': 'بران خسارات ناشی از ضربه خوردگی، شکستگی، آبخوردگی، سرقت با شکست حرز و کلیه حوادث مرتبط با دستگاه خریداری شده با کسورات و فرانشیز حداقل، بدون هزینه استهلاک \r\nارائه خدمات ویژه VIP، بدون هر گونه مراجعه فیزیکی', 'before_discount': 4059000, 'discount_percent': 50}, 'price': {'selling_price': 122880000, 'rrp_price': 122880000, 'order_limit': 1, 'is_incredible': False, 'is_promotion': False, 'is_locked_for_digiplus': False, 'bnpl_active': False, 'discount_percent': 0, 'is_plus_early_access': False}, 'shipment_methods': {'description': 'موجود در انبار دیجی\u200cکالا', 'has_lead_time': True, 'providers': [{'title': 'ارسال دیجی\u200cکالا', 'description': 'این کالا در انبار دیجی\u200cکالا موجود و آماده پردازش است و توسط پیک دیجی\u200cکالا در بازه انتخابی ارسال خواهد شد.', 'has_lead_time': False, 'type': 'digikala'}, {'title': 'ارسال امروز (فعلا در شهر تهران و کرج)', 'description': 'اگر سفارش را قبل از ساعت ۶ عصر ثبت کنید، همان روز ارسال می\u200cشود. در صورت ثبت سفارش بعد از ساعت ۶ عصر، فردا ارسال خواهد شد.', 'has_lead_time': False, 'type': 'jet'}]}, 'has_importer_price': False, 'manufacture_price_not_exist': False, 'has_best_price_in_last_month': False}, 'second_default_variant': {'id': 56011841, 'lead_time': 0, 'rank': 65.61, 'rate': 87.2, 'statistics': {'totally_satisfied': {'rate_count': 59, 'rate': 69.41}, 'satisfied': {'rate_count': 13, 'rate': 15.29}, 'neutral': {'rate_count': 5, 'rate': 5.88}, 'dissatisfied': {'rate_count': 1, 'rate': 1.18}, 'totally_dissatisfied': {'rate_count': 7, 'rate': 8.24}, 'total_count': 85, 'total_rate': 87.2}, 'status': 'marketable', 'properties': {'is_fast_shipping': False, 'is_ship_by_seller': False, 'is_multi_warehouse': False, 'has_similar_variants': False, 'is_rural': False, 'in_digikala_warehouse': True}, 'digiplus': {'services': ['۴ ارسال رایگان عادی', '۲ ارسال سوپرمارکت', 'پشتیبانی اختصاصی', 'ارسال فوری برای شهر تهران (رایگان)'], 'services_summary': ['ارسال فوری برای شهر تهران (رایگان)'], 'service_list': [{'title': '۴ ارسال رایگان عادی'}, {'title': '۲ ارسال سوپرمارکت'}, {'title': 'پشتیبانی اختصاصی'}, {'title': 'ارسال فوری برای شهر تهران (رایگان)'}], 'is_jet_eligible': True, 'cash_back': 0, 'is_general_location_jet_eligible': False, 'fast_shipping_text': 'ارسال فردا'}, 'warranty': {'id': 8432, 'title_fa': 'گارانتی 18 ماهه تکتا سرویس', 'title_en': 'گارانتی 18 ماهه تکتا سرویس'}, 'color': {'id': 6, 'title': 'سبز', 'hex_code': '#00e676'}, 'seller': {'id': 1, 'title': 'دیجی\u200cکالا', 'code': '5A52N', 'url': 'https://www.digikala.com/seller/5A52N/', 'rating': {'total_rate': 0, 'total_count': 0, 'commitment': 100, 'no_return': 99.9, 'on_time_shipping': 100}, 'properties': {'is_trusted': False, 'is_official': False, 'is_roosta': False, 'is_new': False}, 'stars': 5, 'grade': {'label': 'عالی', 'color': '#00a049'}, 'registration_date': '8 سال و 5 ماه'}, 'digiclub': {'point': 150}, 'insurance': {'covers': [{'description': 'جبران ۱۰۰ درصدی خسارات انواع سرقت', 'maxUseCount': 1}, {'description': 'جبران ۱۰۰ درصدی انواع صدمات فیزیکی مانند ضربه دیدگی، شکستگی و آب\u200cخوردگی غیرعمدی'}, {'description': 'جبران ۱۰۰ درصدی آتش\u200cسوزی و انفجار\u200cهای غیرعمدی'}, {'description': 'جبران ۱۰۰ درصدی سوختگی یا نیم\u200cسوز شدن، القای الکتریکی، اتصال کوتاه و نوسانات ولتاژ غیرعمدی'}, {'description': 'همچنین تمام فرایند\u200cهای بیمه دیجی\u200cپی از خرید تا دریافت خسارت آنلاین است.'}, {'description': 'هزینه\u200cهای دستگاه صدمه دیده حتی گوشی\u200cهای آیفون در کمتر از ۴۸ ساعت بعد از اعلام خسارت پرداخت می\u200cشود.'}, {'description': 'تعمیرات توسط متخصصین دیجی\u200cکالا سرویس انجام می\u200cشود و هر تعمیر ۳ ماه و هر قطعه تعمیر شده ۶ ماه گارانتی دارد.'}, {'description': '* توجه: برای استفاده از بیمه، بعد از دریافت کالای دیجیتال خود، به سایت دیجی\u200cپی، بخش بیمه تجهیزات و بعد پنل کاربری مراجعه کنید و بیمه خود را فعال کنید. در غیر این\u200cصورت امکان دانلود بیمه\u200cنامه و دریافت خسارت وجود ندارد.'}, {'description': 'برای اعلام خسارت وارد پنل کاربری خود در سایت دیجی\u200cپی شوید و اطلاعات خود را تکمیل کنید.'}, {'description': 'برای رفع مشکلات و سوالات خود می\u200cتوانید در هفت روز هفته با شماره ۰۲۱۶۱۹۳۰۴۰۰ تماس بگیرید.'}], 'base_premium': 1490000, 'discount': 0, 'tax': 149000, 'total_premium': 1639000, 'terms_and_conditions': 'بران خسارات ناشی از ضربه خوردگی، شکستگی، آبخوردگی، سرقت با شکست حرز و کلیه حوادث مرتبط با دستگاه خریداری شده با کسورات و فرانشیز حداقل، بدون هزینه استهلاک \r\nارائه خدمات ویژه VIP، بدون هر گونه مراجعه فیزیکی', 'before_discount': 3267000, 'discount_percent': 50}, 'price': {'selling_price': 122900000, 'rrp_price': 124990000, 'order_limit': 3, 'is_incredible': False, 'is_promotion': True, 'is_locked_for_digiplus': False, 'bnpl_active': False, 'discount_percent': 2, 'badge': {'title': 'فروش ویژه', 'color': '#E6123D'}, 'is_digiplus_promotion': False, 'is_digiplus_early_access': False, 'is_application_incredible': False, 'is_lightening_deal': False, 'is_plus_early_access': False}, 'shipment_methods': {'description': 'موجود در انبار دیجی\u200cکالا', 'has_lead_time': True, 'providers': [{'title': 'ارسال دیجی\u200cکالا', 'description': 'این کالا در انبار دیجی\u200cکالا موجود و آماده پردازش است و توسط پیک دیجی\u200cکالا در بازه انتخابی ارسال خواهد شد.', 'has_lead_time': False, 'type': 'digikala'}, {'title': 'ارسال امروز (فعلا در شهر تهران و کرج)', 'description': 'اگر سفارش را قبل از ساعت ۶ عصر ثبت کنید، همان روز ارسال می\u200cشود. در صورت ثبت سفارش بعد از ساعت ۶ عصر، فردا ارسال خواهد شد.', 'has_lead_time': False, 'type': 'jet'}]}, 'has_importer_price': False, 'manufacture_price_not_exist': False, 'has_best_price_in_last_month': False}}, {'id': 8366616, 'title_fa': 'گوشی موبایل اپل مدل iPhone 13 CH دو سیم\u200c کارت ظرفیت 128 گیگابایت و رم 4 گیگابایت - نات اکتیو', 'title_en': 'Apple iPhone 13 CH Dual SIM 128GB And 4GB RAM Mobile Phone - Not Activate', 'url': {'uri': '/product/dkp-8366616/گوشی-موبایل-اپل-مدل-iphone-13-ch-دو-سیم-کارت-ظرفیت-128-گیگابایت-و-رم-4-گیگابایت-نات-اکتیو'}, 'status': 'marketable', 'has_quick_view': False, 'data_layer': {'brand': 'اپل', 'category': '[MO,گوشی موبایل]', 'metric6': 10564, 'dimension2': 0, 'dimension6': 0, 'dimension7': 'none', 'dimension9': 4.6, 'dimension11': 0, 'dimension20': 'marketable', 'item_category2': 'موبایل', 'item_category3': 'گوشی موبایل', 'item_category4': '', 'item_category5': ''}, 'product_type': 'product', 'test_title_fa': '', 'test_title_en': '', 'digiplus': {'services': ['۴ ارسال رایگان عادی', '۲ ارسال سوپرمارکت', 'پشتیبانی اختصاصی', 'ارسال فوری برای شهر تهران (رایگان)'], 'services_summary': ['ارسال فوری برای شهر تهران (رایگان)'], 'service_list': [{'title': '۴ ارسال رایگان عادی'}, {'title': '۲ ارسال سوپرمارکت'}, {'title': 'پشتیبانی اختصاصی'}, {'title': 'ارسال فوری برای شهر تهران (رایگان)'}], 'is_jet_eligible': True, 'cash_back': 0, 'is_general_location_jet_eligible': False, 'fast_shipping_text': 'ارسال فردا'}, 'has_fresh_touchpoint': False, 'platforms': ['digikala'], 'images': {'main': {'url': ['https://dkstatics-public.digikala.com/digikala-products/8da0ac0e9c414ff6bc745cd6b032ef61e6d93cf1_1730113501.jpg?x-oss-process=image/resize,m_lfit,h_300,w_300/quality,q_80'], 'webp_url': ['https://dkstatics-public.digikala.com/digikala-products/8da0ac0e9c414ff6bc745cd6b032ef61e6d93cf1_1730113501.jpg?x-oss-process=image/resize,m_lfit,h_300,w_300/format,webp/quality,q_80']}}, 'properties': {'is_fast_shipping': False, 'is_ship_by_seller': False, 'free_shipping_badge': False, 'is_multi_warehouse': False, 'is_fake': False, 'has_gift': False, 'min_price_in_last_month': 417800000, 'is_non_inventory': False, 'is_ad': False, 'is_jet_eligible': False, 'is_medical_supplement': False}, 'rating': {'rate': 90.33131389625142, 'count': 10564}, 'default_variant': {'id': 60520995, 'lead_time': 0, 'rank': 72.79, 'rate': 90.2, 'statistics': {'totally_satisfied': {'rate_count': 77, 'rate': 75.49}, 'satisfied': {'rate_count': 13, 'rate': 12.75}, 'neutral': {'rate_count': 5, 'rate': 4.9}, 'dissatisfied': {'rate_count': 1, 'rate': 0.98}, 'totally_dissatisfied': {'rate_count': 6, 'rate': 5.88}, 'total_count': 102, 'total_rate': 90.2}, 'status': 'marketable', 'properties': {'is_fast_shipping': False, 'is_ship_by_seller': False, 'is_multi_warehouse': False, 'has_similar_variants': False, 'is_rural': False, 'in_digikala_warehouse': True}, 'digiplus': {'services': ['۴ ارسال رایگان عادی', '۲ ارسال سوپرمارکت', 'پشتیبانی اختصاصی', 'ارسال فوری برای شهر تهران (رایگان)'], 'services_summary': ['ارسال فوری برای شهر تهران (رایگان)'], 'service_list': [{'title': '۴ ارسال رایگان عادی'}, {'title': '۲ ارسال سوپرمارکت'}, {'title': 'پشتیبانی اختصاصی'}, {'title': 'ارسال فوری برای شهر تهران (رایگان)'}], 'is_jet_eligible': True, 'cash_back': 0, 'is_general_location_jet_eligible': False, 'fast_shipping_text': 'ارسال فردا'}, 'warranty': {'id': 9732, 'title_fa': 'گارانتی 18 ماهه شرکتی', 'title_en': 'گارانتی 18 ماهه شرکتی'}, 'color': {'id': 1, 'title': 'مشکی', 'hex_code': '#212121'}, 'seller': {'id': 389375, 'title': 'اسمارت تکنولوژی قشم', 'code': 'CGDG9', 'url': 'https://www.digikala.com/seller/CGDG9/', 'rating': {'total_rate': 88, 'total_count': 37237, 'commitment': 99.9, 'no_return': 99.9, 'on_time_shipping': 99.9}, 'properties': {'is_trusted': True, 'is_official': False, 'is_roosta': False, 'is_new': False}, 'stars': 5, 'grade': {'label': 'عالی', 'color': '#00a049'}, 'registration_date': '4 سال و 6 ماه'}, 'digiclub': {'point': 150}, 'insurance': {'covers': [{'description': 'جبران ۱۰۰ درصدی خسارات انواع سرقت', 'maxUseCount': 1}, {'description': 'جبران ۱۰۰ درصدی انواع صدمات فیزیکی مانند ضربه دیدگی، شکستگی و آب\u200cخوردگی غیرعمدی'}, {'description': 'جبران ۱۰۰ درصدی آتش\u200cسوزی و انفجار\u200cهای غیرعمدی'}, {'description': 'جبران ۱۰۰ درصدی سوختگی یا نیم\u200cسوز شدن، القای الکتریکی، اتصال کوتاه و نوسانات ولتاژ غیرعمدی'}, {'description': 'همچنین تمام فرایند\u200cهای بیمه دیجی\u200cپی از خرید تا دریافت خسارت آنلاین است.'}, {'description': 'هزینه\u200cهای دستگاه صدمه دیده حتی گوشی\u200cهای آیفون در کمتر از ۴۸ ساعت بعد از اعلام خسارت پرداخت می\u200cشود.'}, {'description': 'تعمیرات توسط متخصصین دیجی\u200cکالا سرویس انجام می\u200cشود و هر تعمیر ۳ ماه و هر قطعه تعمیر شده ۶ ماه گارانتی دارد.'}, {'description': '* توجه: برای استفاده از بیمه، بعد از دریافت کالای دیجیتال خود، به سایت دیجی\u200cپی، بخش بیمه تجهیزات و بعد پنل کاربری مراجعه کنید و بیمه خود را فعال کنید. در غیر این\u200cصورت امکان دانلود بیمه\u200cنامه و دریافت خسارت وجود ندارد.'}, {'description': 'برای اعلام خسارت وارد پنل کاربری خود در سایت دیجی\u200cپی شوید و اطلاعات خود را تکمیل کنید.'}, {'description': 'برای رفع مشکلات و سوالات خود می\u200cتوانید در هفت روز هفته با شماره ۰۲۱۶۱۹۳۰۴۰۰ تماس بگیرید.'}], 'base_premium': 8100000, 'discount': 0, 'tax': 810000, 'total_premium': 8910000, 'terms_and_conditions': 'بران خسارات ناشی از ضربه خوردگی، شکستگی، آبخوردگی، سرقت با شکست حرز و کلیه حوادث مرتبط با دستگاه خریداری شده با کسورات و فرانشیز حداقل، بدون هزینه استهلاک \r\nارائه خدمات ویژه VIP، بدون هر گونه مراجعه فیزیکی', 'before_discount': 17820000, 'discount_percent': 50}, 'price': {'selling_price': 539990000, 'rrp_price': 539990000, 'order_limit': 1, 'is_incredible': False, 'is_promotion': False, 'is_locked_for_digiplus': False, 'bnpl_active': False, 'discount_percent': 0, 'is_plus_early_access': False}, 'shipment_methods': {'description': 'موجود در انبار دیجی\u200cکالا', 'has_lead_time': True, 'providers': [{'title': 'ارسال دیجی\u200cکالا', 'description': 'این کالا در انبار دیجی\u200cکالا موجود و آماده پردازش است و توسط پیک دیجی\u200cکالا در بازه انتخابی ارسال خواهد شد.', 'has_lead_time': False, 'type': 'digikala'}, {'title': 'ارسال امروز (فعلا در شهر تهران و کرج)', 'description': 'اگر سفارش را قبل از ساعت ۶ عصر ثبت کنید، همان روز ارسال می\u200cشود. در صورت ثبت سفارش بعد از ساعت ۶ عصر، فردا ارسال خواهد شد.', 'has_lead_time': False, 'type': 'jet'}]}, 'has_importer_price': False, 'manufacture_price_not_exist': False, 'has_best_price_in_last_month': False}, 'second_default_variant': {'id': 60520995, 'lead_time': 0, 'rank': 72.79, 'rate': 90.2, 'statistics': {'totally_satisfied': {'rate_count': 77, 'rate': 75.49}, 'satisfied': {'rate_count': 13, 'rate': 12.75}, 'neutral': {'rate_count': 5, 'rate': 4.9}, 'dissatisfied': {'rate_count': 1, 'rate': 0.98}, 'totally_dissatisfied': {'rate_count': 6, 'rate': 5.88}, 'total_count': 102, 'total_rate': 90.2}, 'status': 'marketable', 'properties': {'is_fast_shipping': False, 'is_ship_by_seller': False, 'is_multi_warehouse': False, 'has_similar_variants': False, 'is_rural': False, 'in_digikala_warehouse': True}, 'digiplus': {'services': ['۴ ارسال رایگان عادی', '۲ ارسال سوپرمارکت', 'پشتیبانی اختصاصی', 'ارسال فوری برای شهر تهران (رایگان)'], 'services_summary': ['ارسال فوری برای شهر تهران (رایگان)'], 'service_list': [{'title': '۴ ارسال رایگان عادی'}, {'title': '۲ ارسال سوپرمارکت'}, {'title': 'پشتیبانی اختصاصی'}, {'title': 'ارسال فوری برای شهر تهران (رایگان)'}], 'is_jet_eligible': True, 'cash_back': 0, 'is_general_location_jet_eligible': False, 'fast_shipping_text': 'ارسال فردا'}, 'warranty': {'id': 9732, 'title_fa': 'گارانتی 18 ماهه شرکتی', 'title_en': 'گارانتی 18 ماهه شرکتی'}, 'color': {'id': 1, 'title': 'مشکی', 'hex_code': '#212121'}, 'seller': {'id': 389375, 'title': 'اسمارت تکنولوژی قشم', 'code': 'CGDG9', 'url': 'https://www.digikala.com/seller/CGDG9/', 'rating': {'total_rate': 88, 'total_count': 37237, 'commitment': 99.9, 'no_return': 99.9, 'on_time_shipping': 99.9}, 'properties': {'is_trusted': True, 'is_official': False, 'is_roosta': False, 'is_new': False}, 'stars': 5, 'grade': {'label': 'عالی', 'color': '#00a049'}, 'registration_date': '4 سال و 6 ماه'}, 'digiclub': {'point': 150}, 'insurance': {'covers': [{'description': 'جبران ۱۰۰ درصدی خسارات انواع سرقت', 'maxUseCount': 1}, {'description': 'جبران ۱۰۰ درصدی انواع صدمات فیزیکی مانند ضربه دیدگی، شکستگی و آب\u200cخوردگی غیرعمدی'}, {'description': 'جبران ۱۰۰ درصدی آتش\u200cسوزی و انفجار\u200cهای غیرعمدی'}, {'description': 'جبران ۱۰۰ درصدی سوختگی یا نیم\u200cسوز شدن، القای الکتریکی، اتصال کوتاه و نوسانات ولتاژ غیرعمدی'}, {'description': 'همچنین تمام فرایند\u200cهای بیمه دیجی\u200cپی از خرید تا دریافت خسارت آنلاین است.'}, {'description': 'هزینه\u200cهای دستگاه صدمه دیده حتی گوشی\u200cهای آیفون در کمتر از ۴۸ ساعت بعد از اعلام خسارت پرداخت می\u200cشود.'}, {'description': 'تعمیرات توسط متخصصین دیجی\u200cکالا سرویس انجام می\u200cشود و هر تعمیر ۳ ماه و هر قطعه تعمیر شده ۶ ماه گارانتی دارد.'}, {'description': '* توجه: برای استفاده از بیمه، بعد از دریافت کالای دیجیتال خود، به سایت دیجی\u200cپی، بخش بیمه تجهیزات و بعد پنل کاربری مراجعه کنید و بیمه خود را فعال کنید. در غیر این\u200cصورت امکان دانلود بیمه\u200cنامه و دریافت خسارت وجود ندارد.'}, {'description': 'برای اعلام خسارت وارد پنل کاربری خود در سایت دیجی\u200cپی شوید و اطلاعات خود را تکمیل کنید.'}, {'description': 'برای رفع مشکلات و سوالات خود می\u200cتوانید در هفت روز هفته با شماره ۰۲۱۶۱۹۳۰۴۰۰ تماس بگیرید.'}], 'base_premium': 8100000, 'discount': 0, 'tax': 810000, 'total_premium': 8910000, 'terms_and_conditions': 'بران خسارات ناشی از ضربه خوردگی، شکستگی، آبخوردگی، سرقت با شکست حرز و کلیه حوادث مرتبط با دستگاه خریداری شده با کسورات و فرانشیز حداقل، بدون هزینه استهلاک \r\nارائه خدمات ویژه VIP، بدون هر گونه مراجعه فیزیکی', 'before_discount': 17820000, 'discount_percent': 50}, 'price': {'selling_price': 539990000, 'rrp_price': 539990000, 'order_limit': 1, 'is_incredible': False, 'is_promotion': False, 'is_locked_for_digiplus': False, 'bnpl_active': False, 'discount_percent': 0, 'is_plus_early_access': False}, 'shipment_methods': {'description': 'موجود در انبار دیجی\u200cکالا', 'has_lead_time': True, 'providers': [{'title': 'ارسال دیجی\u200cکالا', 'description': 'این کالا در انبار دیجی\u200cکالا موجود و آماده پردازش است و توسط پیک دیجی\u200cکالا در بازه انتخابی ارسال خواهد شد.', 'has_lead_time': False, 'type': 'digikala'}, {'title': 'ارسال امروز (فعلا در شهر تهران و کرج)', 'description': 'اگر سفارش را قبل از ساعت ۶ عصر ثبت کنید، همان روز ارسال می\u200cشود. در صورت ثبت سفارش بعد از ساعت ۶ عصر، فردا ارسال خواهد شد.', 'has_lead_time': False, 'type': 'jet'}]}, 'has_importer_price': False, 'manufacture_price_not_exist': False, 'has_best_price_in_last_month': False}}, {'id': 14851833, 'title_fa': 'گوشی موبایل سامسونگ مدل Galaxy A55 دو سیم کارت ظرفیت 256 گیگابایت و رم 8 گیگابایت - ویتنام', 'title_en': 'Samsung Galaxy A55 Dual SIM 256GB And 8GB RAM Mobile Phone - Vietnam', 'url': {'uri': '/product/dkp-14851833/گوشی-موبایل-سامسونگ-مدل-galaxy-a55-دو-سیم-کارت-ظرفیت-256-گیگابایت-و-رم-8-گیگابایت-ویتنام'}, 'status': 'marketable', 'has_quick_view': False, 'data_layer': {'brand': 'سامسونگ', 'category': '[MO,گوشی موبایل]', 'metric6': 3419, 'dimension2': 4, 'dimension6': 0, 'dimension7': 'special-offer', 'dimension9': 4.6, 'dimension11': 0, 'dimension20': 'marketable', 'item_category2': 'موبایل', 'item_category3': 'گوشی موبایل', 'item_category4': '', 'item_category5': ''}, 'product_type': 'product', 'test_title_fa': '', 'test_title_en': '', 'digiplus': {'services': ['۴ ارسال رایگان عادی', '۲ ارسال سوپرمارکت', 'پشتیبانی اختصاصی', 'ارسال فوری برای شهر تهران (رایگان)'], 'services_summary': ['ارسال فوری برای شهر تهران (رایگان)'], 'service_list': [{'title': '۴ ارسال رایگان عادی'}, {'title': '۲ ارسال سوپرمارکت'}, {'title': 'پشتیبانی اختصاصی'}, {'title': 'ارسال فوری برای شهر تهران (رایگان)'}], 'is_jet_eligible': True, 'cash_back': 0, 'is_general_location_jet_eligible': False, 'fast_shipping_text': 'ارسال فردا'}, 'has_fresh_touchpoint': False, 'platforms': ['digikala'], 'images': {'main': {'url': ['https://dkstatics-public.digikala.com/digikala-products/0a5e74229cb456ce6689a834c4ba1e566fc03937_1727520302.jpg?x-oss-process=image/resize,m_lfit,h_300,w_300/quality,q_80'], 'webp_url': ['https://dkstatics-public.digikala.com/digikala-products/0a5e74229cb456ce6689a834c4ba1e566fc03937_1727520302.jpg?x-oss-process=image/resize,m_lfit,h_300,w_300/format,webp/quality,q_80']}}, 'properties': {'is_fast_shipping': False, 'is_ship_by_seller': False, 'free_shipping_badge': False, 'is_multi_warehouse': False, 'is_fake': False, 'has_gift': False, 'min_price_in_last_month': 205290000, 'is_non_inventory': False, 'is_ad': False, 'is_jet_eligible': False, 'is_medical_supplement': False}, 'rating': {'rate': 90.73998245100907, 'count': 3419}, 'default_variant': {'id': 55072272, 'lead_time': 0, 'rank': 79.671, 'rate': 92.6, 'statistics': {'totally_satisfied': {'rate_count': 15, 'rate': 78.95}, 'satisfied': {'rate_count': 3, 'rate': 15.79}, 'neutral': {'rate_count': 0, 'rate': 0}, 'dissatisfied': {'rate_count': 0, 'rate': 0}, 'totally_dissatisfied': {'rate_count': 1, 'rate': 5.26}, 'total_count': 19, 'total_rate': 92.6}, 'status': 'marketable', 'properties': {'is_fast_shipping': False, 'is_ship_by_seller': False, 'is_multi_warehouse': False, 'has_similar_variants': False, 'is_rural': False, 'in_digikala_warehouse': True}, 'digiplus': {'services': ['۴ ارسال رایگان عادی', '۲ ارسال سوپرمارکت', 'پشتیبانی اختصاصی', 'ارسال فوری برای شهر تهران (رایگان)'], 'services_summary': ['ارسال فوری برای شهر تهران (رایگان)'], 'service_list': [{'title': '۴ ارسال رایگان عادی'}, {'title': '۲ ارسال سوپرمارکت'}, {'title': 'پشتیبانی اختصاصی'}, {'title': 'ارسال فوری برای شهر تهران (رایگان)'}], 'is_jet_eligible': True, 'cash_back': 0, 'is_general_location_jet_eligible': False, 'fast_shipping_text': 'ارسال فردا'}, 'warranty': {'id': 9732, 'title_fa': 'گارانتی 18 ماهه شرکتی', 'title_en': 'گارانتی 18 ماهه شرکتی'}, 'color': {'id': 82, 'title': 'زرد لیمویی', 'hex_code': '#d2ff00'}, 'seller': {'id': 1, 'title': 'دیجی\u200cکالا', 'code': '5A52N', 'url': 'https://www.digikala.com/seller/5A52N/', 'rating': {'total_rate': 0, 'total_count': 0, 'commitment': 100, 'no_return': 99.9, 'on_time_shipping': 100}, 'properties': {'is_trusted': False, 'is_official': False, 'is_roosta': False, 'is_new': False}, 'stars': 5, 'grade': {'label': 'عالی', 'color': '#00a049'}, 'registration_date': '8 سال و 5 ماه'}, 'digiclub': {'point': 150}, 'insurance': {'covers': [{'description': 'جبران ۱۰۰ درصدی خسارات انواع سرقت', 'maxUseCount': 1}, {'description': 'جبران ۱۰۰ درصدی انواع صدمات فیزیکی مانند ضربه دیدگی، شکستگی و آب\u200cخوردگی غیرعمدی'}, {'description': 'جبران ۱۰۰ درصدی آتش\u200cسوزی و انفجار\u200cهای غیرعمدی'}, {'description': 'جبران ۱۰۰ درصدی سوختگی یا نیم\u200cسوز شدن، القای الکتریکی، اتصال کوتاه و نوسانات ولتاژ غیرعمدی'}, {'description': 'همچنین تمام فرایند\u200cهای بیمه دیجی\u200cپی از خرید تا دریافت خسارت آنلاین است.'}, {'description': 'هزینه\u200cهای دستگاه صدمه دیده حتی گوشی\u200cهای آیفون در کمتر از ۴۸ ساعت بعد از اعلام خسارت پرداخت می\u200cشود.'}, {'description': 'تعمیرات توسط متخصصین دیجی\u200cکالا سرویس انجام می\u200cشود و هر تعمیر ۳ ماه و هر قطعه تعمیر شده ۶ ماه گارانتی دارد.'}, {'description': '* توجه: برای استفاده از بیمه، بعد از دریافت کالای دیجیتال خود، به سایت دیجی\u200cپی، بخش بیمه تجهیزات و بعد پنل کاربری مراجعه کنید و بیمه خود را فعال کنید. در غیر این\u200cصورت امکان دانلود بیمه\u200cنامه و دریافت خسارت وجود ندارد.'}, {'description': 'برای اعلام خسارت وارد پنل کاربری خود در سایت دیجی\u200cپی شوید و اطلاعات خود را تکمیل کنید.'}, {'description': 'برای رفع مشکلات و سوالات خود می\u200cتوانید در هفت روز هفته با شماره ۰۲۱۶۱۹۳۰۴۰۰ تماس بگیرید.'}], 'base_premium': 4140000, 'discount': 0, 'tax': 414000, 'total_premium': 4554000, 'terms_and_conditions': 'بران خسارات ناشی از ضربه خوردگی، شکستگی، آبخوردگی، سرقت با شکست حرز و کلیه حوادث مرتبط با دستگاه خریداری شده با کسورات و فرانشیز حداقل، بدون هزینه استهلاک \r\nارائه خدمات ویژه VIP، بدون هر گونه مراجعه فیزیکی', 'before_discount': 9108000, 'discount_percent': 50}, 'price': {'selling_price': 264990000, 'rrp_price': 276000000, 'order_limit': 5, 'is_incredible': False, 'is_promotion': True, 'is_locked_for_digiplus': False, 'bnpl_active': False, 'discount_percent': 4, 'badge': {'title': 'فروش ویژه', 'color': '#E6123D'}, 'is_digiplus_promotion': False, 'is_digiplus_early_access': False, 'is_application_incredible': False, 'is_lightening_deal': False, 'is_plus_early_access': False}, 'shipment_methods': {'description': 'موجود در انبار دیجی\u200cکالا', 'has_lead_time': True, 'providers': [{'title': 'ارسال دیجی\u200cکالا', 'description': 'این کالا در انبار دیجی\u200cکالا موجود و آماده پردازش است و توسط پیک دیجی\u200cکالا در بازه انتخابی ارسال خواهد شد.', 'has_lead_time': False, 'type': 'digikala'}, {'title': 'ارسال امروز (فعلا در شهر تهران و کرج)', 'description': 'اگر سفارش را قبل از ساعت ۶ عصر ثبت کنید، همان روز ارسال می\u200cشود. در صورت ثبت سفارش بعد از ساعت ۶ عصر، فردا ارسال خواهد شد.', 'has_lead_time': False, 'type': 'jet'}]}, 'has_importer_price': False, 'manufacture_price_not_exist': False, 'has_best_price_in_last_month': False}, 'second_default_variant': {'id': 55146608, 'lead_time': 0, 'rank': 77.904, 'rate': 78.6, 'statistics': {'totally_satisfied': {'rate_count': 19, 'rate': 65.52}, 'satisfied': {'rate_count': 3, 'rate': 10.34}, 'neutral': {'rate_count': 0, 'rate': 0}, 'dissatisfied': {'rate_count': 0, 'rate': 0}, 'totally_dissatisfied': {'rate_count': 7, 'rate': 24.14}, 'total_count': 29, 'total_rate': 78.6}, 'status': 'marketable', 'properties': {'is_fast_shipping': False, 'is_ship_by_seller': False, 'is_multi_warehouse': False, 'has_similar_variants': True, 'is_rural': False, 'in_digikala_warehouse': True}, 'digiplus': {'services': ['۴ ارسال رایگان عادی', '۲ ارسال سوپرمارکت', 'پشتیبانی اختصاصی', 'ارسال فوری برای شهر تهران (رایگان)'], 'services_summary': ['ارسال فوری برای شهر تهران (رایگان)'], 'service_list': [{'title': '۴ ارسال رایگان عادی'}, {'title': '۲ ارسال سوپرمارکت'}, {'title': 'پشتیبانی اختصاصی'}, {'title': 'ارسال فوری برای شهر تهران (رایگان)'}], 'is_jet_eligible': True, 'cash_back': 0, 'is_general_location_jet_eligible': False, 'fast_shipping_text': 'ارسال فردا'}, 'warranty': {'id': 9592, 'title_fa': 'گارانتی 18 ماهه شار گستر ارتباط برین (شارسل)', 'title_en': 'گارانتی 18 ماهه شار گستر ارتباط برین (شارسل)'}, 'color': {'id': 9, 'title': 'سرمه ای', 'hex_code': '#002171'}, 'seller': {'id': 1, 'title': 'دیجی\u200cکالا', 'code': '5A52N', 'url': 'https://www.digikala.com/seller/5A52N/', 'rating': {'total_rate': 0, 'total_count': 0, 'commitment': 100, 'no_return': 99.9, 'on_time_shipping': 100}, 'properties': {'is_trusted': False, 'is_official': False, 'is_roosta': False, 'is_new': False}, 'stars': 5, 'grade': {'label': 'عالی', 'color': '#00a049'}, 'registration_date': '8 سال و 5 ماه'}, 'digiclub': {'point': 150}, 'insurance': {'covers': [{'description': 'جبران ۱۰۰ درصدی خسارات انواع سرقت', 'maxUseCount': 1}, {'description': 'جبران ۱۰۰ درصدی انواع صدمات فیزیکی مانند ضربه دیدگی، شکستگی و آب\u200cخوردگی غیرعمدی'}, {'description': 'جبران ۱۰۰ درصدی آتش\u200cسوزی و انفجار\u200cهای غیرعمدی'}, {'description': 'جبران ۱۰۰ درصدی سوختگی یا نیم\u200cسوز شدن، القای الکتریکی، اتصال کوتاه و نوسانات ولتاژ غیرعمدی'}, {'description': 'همچنین تمام فرایند\u200cهای بیمه دیجی\u200cپی از خرید تا دریافت خسارت آنلاین است.'}, {'description': 'هزینه\u200cهای دستگاه صدمه دیده حتی گوشی\u200cهای آیفون در کمتر از ۴۸ ساعت بعد از اعلام خسارت پرداخت می\u200cشود.'}, {'description': 'تعمیرات توسط متخصصین دیجی\u200cکالا سرویس انجام می\u200cشود و هر تعمیر ۳ ماه و هر قطعه تعمیر شده ۶ ماه گارانتی دارد.'}, {'description': '* توجه: برای استفاده از بیمه، بعد از دریافت کالای دیجیتال خود، به سایت دیجی\u200cپی، بخش بیمه تجهیزات و بعد پنل کاربری مراجعه کنید و بیمه خود را فعال کنید. در غیر این\u200cصورت امکان دانلود بیمه\u200cنامه و دریافت خسارت وجود ندارد.'}, {'description': 'برای اعلام خسارت وارد پنل کاربری خود در سایت دیجی\u200cپی شوید و اطلاعات خود را تکمیل کنید.'}, {'description': 'برای رفع مشکلات و سوالات خود می\u200cتوانید در هفت روز هفته با شماره ۰۲۱۶۱۹۳۰۴۰۰ تماس بگیرید.'}], 'base_premium': 4100000, 'discount': 0, 'tax': 410000, 'total_premium': 4510000, 'terms_and_conditions': 'بران خسارات ناشی از ضربه خوردگی، شکستگی، آبخوردگی، سرقت با شکست حرز و کلیه حوادث مرتبط با دستگاه خریداری شده با کسورات و فرانشیز حداقل، بدون هزینه استهلاک \r\nارائه خدمات ویژه VIP، بدون هر گونه مراجعه فیزیکی', 'before_discount': 9009000, 'discount_percent': 50}, 'price': {'selling_price': 268900000, 'rrp_price': 268900000, 'order_limit': 1, 'is_incredible': False, 'is_promotion': False, 'is_locked_for_digiplus': False, 'bnpl_active': False, 'marketable_stock': 2, 'discount_percent': 0, 'is_plus_early_access': False}, 'shipment_methods': {'description': 'موجود در انبار دیجی\u200cکالا', 'has_lead_time': True, 'providers': [{'title': 'ارسال دیجی\u200cکالا', 'description': 'این کالا در انبار دیجی\u200cکالا موجود و آماده پردازش است و توسط پیک دیجی\u200cکالا در بازه انتخابی ارسال خواهد شد.', 'has_lead_time': False, 'type': 'digikala'}, {'title': 'ارسال امروز (فعلا در شهر تهران و کرج)', 'description': 'اگر سفارش را قبل از ساعت ۶ عصر ثبت کنید، همان روز ارسال می\u200cشود. در صورت ثبت سفارش بعد از ساعت ۶ عصر، فردا ارسال خواهد شد.', 'has_lead_time': False, 'type': 'jet'}]}, 'has_importer_price': False, 'manufacture_price_not_exist': False, 'has_best_price_in_last_month': False, 'variant_badges': [{'id': -1, 'type': 'simple', 'slot': 'pdp_above_add_to_cart', 'priority': 0, 'payload': {'text': 'تنها 2 عدد در انبار باقی مانده', 'text_color': '#d32f2f', 'svg_icon': 'https://dkstatics-public.digikala.com/digikala-static/54419b9303246cde131fcb5b251b86f2ab4aeb71_1716833765.svg'}}]}}, {'id': 14176170, 'title_fa': 'گوشی موبایل شیائومی مدل Redmi Note 13 Pro 5G دو سیم کارت ظرفیت 512 گیگابایت و رم 12 گیگابایت', 'title_en': 'Xiaomi Redmi Note 13 Pro 5G Dual SIM 512GB And 12GB RAM Mobile Phone', 'url': {'uri': '/product/dkp-14176170/گوشی-موبایل-شیائومی-مدل-redmi-note-13-pro-5g-دو-سیم-کارت-ظرفیت-512-گیگابایت-و-رم-12-گیگابایت'}, 'status': 'marketable', 'has_quick_view': False, 'data_layer': {'brand': 'شیائومی', 'category': '[MO,گوشی موبایل]', 'metric6': 1804, 'dimension2': 0, 'dimension6': 0, 'dimension7': 'none', 'dimension9': 4.5, 'dimension11': 0, 'dimension20': 'marketable', 'item_category2': 'موبایل', 'item_category3': 'گوشی موبایل', 'item_category4': '', 'item_category5': ''}, 'product_type': 'product', 'test_title_fa': '', 'test_title_en': '', 'digiplus': {'services': ['۴ ارسال رایگان عادی', '۲ ارسال سوپرمارکت', 'پشتیبانی اختصاصی', 'ارسال فوری برای شهر تهران (رایگان)'], 'services_summary': ['ارسال فوری برای شهر تهران (رایگان)'], 'service_list': [{'title': '۴ ارسال رایگان عادی'}, {'title': '۲ ارسال سوپرمارکت'}, {'title': 'پشتیبانی اختصاصی'}, {'title': 'ارسال فوری برای شهر تهران (رایگان)'}], 'is_jet_eligible': True, 'cash_back': 0, 'is_general_location_jet_eligible': False, 'fast_shipping_text': 'ارسال فردا'}, 'has_fresh_touchpoint': False, 'platforms': ['digikala'], 'images': {'main': {'url': ['https://dkstatics-public.digikala.com/digikala-products/9285ca4c7ae4a67babb13574b008d4858b85d59d_1726055404.jpg?x-oss-process=image/resize,m_lfit,h_300,w_300/quality,q_80'], 'webp_url': ['https://dkstatics-public.digikala.com/digikala-products/9285ca4c7ae4a67babb13574b008d4858b85d59d_1726055404.jpg?x-oss-process=image/resize,m_lfit,h_300,w_300/format,webp/quality,q_80']}}, 'properties': {'is_fast_shipping': False, 'is_ship_by_seller': False, 'free_shipping_badge': False, 'is_multi_warehouse': False, 'is_fake': False, 'has_gift': False, 'min_price_in_last_month': 227500000, 'is_non_inventory': False, 'is_ad': False, 'is_jet_eligible': False, 'is_medical_supplement': False}, 'rating': {'rate': 89.03547671840354, 'count': 1804}, 'default_variant': {'id': 49922013, 'lead_time': 0, 'rank': 99.84, 'rate': 81.4, 'statistics': {'totally_satisfied': {'rate_count': 7, 'rate': 50}, 'satisfied': {'rate_count': 5, 'rate': 35.71}, 'neutral': {'rate_count': 0, 'rate': 0}, 'dissatisfied': {'rate_count': 0, 'rate': 0}, 'totally_dissatisfied': {'rate_count': 2, 'rate': 14.29}, 'total_count': 14, 'total_rate': 81.4}, 'status': 'marketable', 'properties': {'is_fast_shipping': False, 'is_ship_by_seller': False, 'is_multi_warehouse': False, 'has_similar_variants': True, 'is_rural': False, 'in_digikala_warehouse': True}, 'digiplus': {'services': ['۴ ارسال رایگان عادی', '۲ ارسال سوپرمارکت', 'پشتیبانی اختصاصی', 'ارسال فوری برای شهر تهران (رایگان)'], 'services_summary': ['ارسال فوری برای شهر تهران (رایگان)'], 'service_list': [{'title': '۴ ارسال رایگان عادی'}, {'title': '۲ ارسال سوپرمارکت'}, {'title': 'پشتیبانی اختصاصی'}, {'title': 'ارسال فوری برای شهر تهران (رایگان)'}], 'is_jet_eligible': True, 'cash_back': 0, 'is_general_location_jet_eligible': False, 'fast_shipping_text': 'ارسال فردا'}, 'warranty': {'id': 4832, 'title_fa': 'گارانتی 18 ماهه همراه گستر نقره فام', 'title_en': 'گارانتی 18 ماهه همراه گستر نقره فام'}, 'color': {'id': 8, 'title': 'بنفش', 'hex_code': '#9C27B1'}, 'seller': {'id': 389375, 'title': 'اسمارت تکنولوژی قشم', 'code': 'CGDG9', 'url': 'https://www.digikala.com/seller/CGDG9/', 'rating': {'total_rate': 88, 'total_count': 37237, 'commitment': 99.9, 'no_return': 99.9, 'on_time_shipping': 99.9}, 'properties': {'is_trusted': True, 'is_official': False, 'is_roosta': False, 'is_new': False}, 'stars': 5, 'grade': {'label': 'عالی', 'color': '#00a049'}, 'registration_date': '4 سال و 6 ماه'}, 'digiclub': {'point': 150}, 'insurance': {'covers': [{'description': 'جبران ۱۰۰ درصدی خسارات انواع سرقت', 'maxUseCount': 1}, {'description': 'جبران ۱۰۰ درصدی انواع صدمات فیزیکی مانند ضربه دیدگی، شکستگی و آب\u200cخوردگی غیرعمدی'}, {'description': 'جبران ۱۰۰ درصدی آتش\u200cسوزی و انفجار\u200cهای غیرعمدی'}, {'description': 'جبران ۱۰۰ درصدی سوختگی یا نیم\u200cسوز شدن، القای الکتریکی، اتصال کوتاه و نوسانات ولتاژ غیرعمدی'}, {'description': 'همچنین تمام فرایند\u200cهای بیمه دیجی\u200cپی از خرید تا دریافت خسارت آنلاین است.'}, {'description': 'هزینه\u200cهای دستگاه صدمه دیده حتی گوشی\u200cهای آیفون در کمتر از ۴۸ ساعت بعد از اعلام خسارت پرداخت می\u200cشود.'}, {'description': 'تعمیرات توسط متخصصین دیجی\u200cکالا سرویس انجام می\u200cشود و هر تعمیر ۳ ماه و هر قطعه تعمیر شده ۶ ماه گارانتی دارد.'}, {'description': '* توجه: برای استفاده از بیمه، بعد از دریافت کالای دیجیتال خود، به سایت دیجی\u200cپی، بخش بیمه تجهیزات و بعد پنل کاربری مراجعه کنید و بیمه خود را فعال کنید. در غیر این\u200cصورت امکان دانلود بیمه\u200cنامه و دریافت خسارت وجود ندارد.'}, {'description': 'برای اعلام خسارت وارد پنل کاربری خود در سایت دیجی\u200cپی شوید و اطلاعات خود را تکمیل کنید.'}, {'description': 'برای رفع مشکلات و سوالات خود می\u200cتوانید در هفت روز هفته با شماره ۰۲۱۶۱۹۳۰۴۰۰ تماس بگیرید.'}], 'base_premium': 3470000, 'discount': 0, 'tax': 347000, 'total_premium': 3817000, 'terms_and_conditions': 'بران خسارات ناشی از ضربه خوردگی، شکستگی، آبخوردگی، سرقت با شکست حرز و کلیه حوادث مرتبط با دستگاه خریداری شده با کسورات و فرانشیز حداقل، بدون هزینه استهلاک \r\nارائه خدمات ویژه VIP، بدون هر گونه مراجعه فیزیکی', 'before_discount': 7623000, 'discount_percent': 50}, 'price': {'selling_price': 231000000, 'rrp_price': 231000000, 'order_limit': 1, 'is_incredible': False, 'is_promotion': False, 'is_locked_for_digiplus': False, 'bnpl_active': False, 'discount_percent': 0, 'is_plus_early_access': False}, 'shipment_methods': {'description': 'موجود در انبار دیجی\u200cکالا', 'has_lead_time': True, 'providers': [{'title': 'ارسال دیجی\u200cکالا', 'description': 'این کالا در انبار دیجی\u200cکالا موجود و آماده پردازش است و توسط پیک دیجی\u200cکالا در بازه انتخابی ارسال خواهد شد.', 'has_lead_time': False, 'type': 'digikala'}, {'title': 'ارسال امروز (فعلا در شهر تهران و کرج)', 'description': 'اگر سفارش را قبل از ساعت ۶ عصر ثبت کنید، همان روز ارسال می\u200cشود. در صورت ثبت سفارش بعد از ساعت ۶ عصر، فردا ارسال خواهد شد.', 'has_lead_time': False, 'type': 'jet'}]}, 'has_importer_price': False, 'manufacture_price_not_exist': False, 'has_best_price_in_last_month': False}, 'second_default_variant': {'id': 50929312, 'lead_time': 0, 'rank': 97.027, 'rate': 86.2, 'statistics': {'totally_satisfied': {'rate_count': 20, 'rate': 62.5}, 'satisfied': {'rate_count': 8, 'rate': 25}, 'neutral': {'rate_count': 1, 'rate': 3.13}, 'dissatisfied': {'rate_count': 0, 'rate': 0}, 'totally_dissatisfied': {'rate_count': 3, 'rate': 9.38}, 'total_count': 32, 'total_rate': 86.2}, 'status': 'marketable', 'properties': {'is_fast_shipping': False, 'is_ship_by_seller': False, 'is_multi_warehouse': False, 'has_similar_variants': False, 'is_rural': False, 'in_digikala_warehouse': True}, 'digiplus': {'services': ['۴ ارسال رایگان عادی', '۲ ارسال سوپرمارکت', 'پشتیبانی اختصاصی', 'ارسال فوری برای شهر تهران (رایگان)'], 'services_summary': ['ارسال فوری برای شهر تهران (رایگان)'], 'service_list': [{'title': '۴ ارسال رایگان عادی'}, {'title': '۲ ارسال سوپرمارکت'}, {'title': 'پشتیبانی اختصاصی'}, {'title': 'ارسال فوری برای شهر تهران (رایگان)'}], 'is_jet_eligible': True, 'cash_back': 0, 'is_general_location_jet_eligible': False, 'fast_shipping_text': 'ارسال فردا'}, 'warranty': {'id': 4978, 'title_fa': 'گارانتی 18 ماهه کسری پارس', 'title_en': 'گارانتی 18 ماهه کسری پارس'}, 'color': {'id': 8, 'title': 'بنفش', 'hex_code': '#9C27B1'}, 'seller': {'id': 389375, 'title': 'اسمارت تکنولوژی قشم', 'code': 'CGDG9', 'url': 'https://www.digikala.com/seller/CGDG9/', 'rating': {'total_rate': 88, 'total_count': 37156, 'commitment': 99.9, 'no_return': 99.9, 'on_time_shipping': 99.9}, 'properties': {'is_trusted': True, 'is_official': False, 'is_roosta': False, 'is_new': False}, 'stars': 5, 'grade': {'label': 'عالی', 'color': '#00a049'}, 'registration_date': '4 سال و 6 ماه'}, 'digiclub': {'point': 150}, 'insurance': {'covers': [{'description': 'جبران ۱۰۰ درصدی خسارات انواع سرقت', 'maxUseCount': 1}, {'description': 'جبران ۱۰۰ درصدی انواع صدمات فیزیکی مانند ضربه دیدگی، شکستگی و آب\u200cخوردگی غیرعمدی'}, {'description': 'جبران ۱۰۰ درصدی آتش\u200cسوزی و انفجار\u200cهای غیرعمدی'}, {'description': 'جبران ۱۰۰ درصدی سوختگی یا نیم\u200cسوز شدن، القای الکتریکی، اتصال کوتاه و نوسانات ولتاژ غیرعمدی'}, {'description': 'همچنین تمام فرایند\u200cهای بیمه دیجی\u200cپی از خرید تا دریافت خسارت آنلاین است.'}, {'description': 'هزینه\u200cهای دستگاه صدمه دیده حتی گوشی\u200cهای آیفون در کمتر از ۴۸ ساعت بعد از اعلام خسارت پرداخت می\u200cشود.'}, {'description': 'تعمیرات توسط متخصصین دیجی\u200cکالا سرویس انجام می\u200cشود و هر تعمیر ۳ ماه و هر قطعه تعمیر شده ۶ ماه گارانتی دارد.'}, {'description': '* توجه: برای استفاده از بیمه، بعد از دریافت کالای دیجیتال خود، به سایت دیجی\u200cپی، بخش بیمه تجهیزات و بعد پنل کاربری مراجعه کنید و بیمه خود را فعال کنید. در غیر این\u200cصورت امکان دانلود بیمه\u200cنامه و دریافت خسارت وجود ندارد.'}, {'description': 'برای اعلام خسارت وارد پنل کاربری خود در سایت دیجی\u200cپی شوید و اطلاعات خود را تکمیل کنید.'}, {'description': 'برای رفع مشکلات و سوالات خود می\u200cتوانید در هفت روز هفته با شماره ۰۲۱۶۱۹۳۰۴۰۰ تماس بگیرید.'}], 'base_premium': 3580000, 'discount': 0, 'tax': 358000, 'total_premium': 3938000, 'terms_and_conditions': 'بران خسارات ناشی از ضربه خوردگی، شکستگی، آبخوردگی، سرقت با شکست حرز و کلیه حوادث مرتبط با دستگاه خریداری شده با کسورات و فرانشیز حداقل، بدون هزینه استهلاک \r\nارائه خدمات ویژه VIP، بدون هر گونه مراجعه فیزیکی', 'before_discount': 7876000, 'discount_percent': 50}, 'price': {'selling_price': 238500000, 'rrp_price': 238500000, 'order_limit': 1, 'is_incredible': False, 'is_promotion': False, 'is_locked_for_digiplus': False, 'bnpl_active': False, 'discount_percent': 0, 'is_plus_early_access': False}, 'shipment_methods': {'description': 'موجود در انبار دیجی\u200cکالا', 'has_lead_time': True, 'providers': [{'title': 'ارسال دیجی\u200cکالا', 'description': 'این کالا در انبار دیجی\u200cکالا موجود و آماده پردازش است و توسط پیک دیجی\u200cکالا در بازه انتخابی ارسال خواهد شد.', 'has_lead_time': False, 'type': 'digikala'}, {'title': 'ارسال امروز (فعلا در شهر تهران و کرج)', 'description': 'اگر سفارش را قبل از ساعت ۶ عصر ثبت کنید، همان روز ارسال می\u200cشود. در صورت ثبت سفارش بعد از ساعت ۶ عصر، فردا ارسال خواهد شد.', 'has_lead_time': False, 'type': 'jet'}]}, 'has_importer_price': False, 'manufacture_price_not_exist': False, 'has_best_price_in_last_month': False}}, {'id': 13969461, 'title_fa': 'گوشی موبایل سامسونگ مدل Galaxy A15 دو سیم کارت ظرفیت 128 گیگابایت و رم 6 گیگابایت - ویتنام', 'title_en': 'Samsung Galaxy A15 Dual SIM 128GB And 6GB RAM Mobile Phone - Vietnam', 'url': {'uri': '/product/dkp-13969461/گوشی-موبایل-سامسونگ-مدل-galaxy-a15-دو-سیم-کارت-ظرفیت-128-گیگابایت-و-رم-6-گیگابایت-ویتنام'}, 'status': 'marketable', 'has_quick_view': False, 'data_layer': {'brand': 'سامسونگ', 'category': '[MO,گوشی موبایل]', 'metric6': 2684, 'dimension2': 0, 'dimension6': 0, 'dimension7': 'none', 'dimension9': 4.4, 'dimension11': 0, 'dimension20': 'marketable', 'item_category2': 'موبایل', 'item_category3': 'گوشی موبایل', 'item_category4': '', 'item_category5': ''}, 'product_type': 'product', 'test_title_fa': '', 'test_title_en': '', 'digiplus': {'services': ['۴ ارسال رایگان عادی', '۲ ارسال سوپرمارکت', 'پشتیبانی اختصاصی', 'ارسال فوری برای شهر تهران (رایگان)'], 'services_summary': ['ارسال فوری برای شهر تهران (رایگان)'], 'service_list': [{'title': '۴ ارسال رایگان عادی'}, {'title': '۲ ارسال سوپرمارکت'}, {'title': 'پشتیبانی اختصاصی'}, {'title': 'ارسال فوری برای شهر تهران (رایگان)'}], 'is_jet_eligible': True, 'cash_back': 0, 'is_general_location_jet_eligible': False, 'fast_shipping_text': 'ارسال فردا'}, 'has_fresh_touchpoint': False, 'platforms': ['digikala'], 'images': {'main': {'url': ['https://dkstatics-public.digikala.com/digikala-products/929aaa5d2e1b71c65d858dd25be7905b91083f86_1726039697.jpg?x-oss-process=image/resize,m_lfit,h_300,w_300/quality,q_80'], 'webp_url': ['https://dkstatics-public.digikala.com/digikala-products/929aaa5d2e1b71c65d858dd25be7905b91083f86_1726039697.jpg?x-oss-process=image/resize,m_lfit,h_300,w_300/format,webp/quality,q_80']}}, 'properties': {'is_fast_shipping': False, 'is_ship_by_seller': False, 'free_shipping_badge': False, 'is_multi_warehouse': False, 'is_fake': False, 'has_gift': False, 'min_price_in_last_month': 96300000, 'is_non_inventory': False, 'is_ad': False, 'is_jet_eligible': False, 'is_medical_supplement': False}, 'rating': {'rate': 87.42175856929956, 'count': 2684}, 'default_variant': {'id': 60520621, 'lead_time': 0, 'rank': 79.73, 'rate': 89, 'statistics': {'totally_satisfied': {'rate_count': 33, 'rate': 70.21}, 'satisfied': {'rate_count': 8, 'rate': 17.02}, 'neutral': {'rate_count': 3, 'rate': 6.38}, 'dissatisfied': {'rate_count': 0, 'rate': 0}, 'totally_dissatisfied': {'rate_count': 3, 'rate': 6.38}, 'total_count': 47, 'total_rate': 89}, 'status': 'marketable', 'properties': {'is_fast_shipping': False, 'is_ship_by_seller': False, 'is_multi_warehouse': False, 'has_similar_variants': False, 'is_rural': False, 'in_digikala_warehouse': True}, 'digiplus': {'services': ['۴ ارسال رایگان عادی', '۲ ارسال سوپرمارکت', 'پشتیبانی اختصاصی', 'ارسال فوری برای شهر تهران (رایگان)'], 'services_summary': ['ارسال فوری برای شهر تهران (رایگان)'], 'service_list': [{'title': '۴ ارسال رایگان عادی'}, {'title': '۲ ارسال سوپرمارکت'}, {'title': 'پشتیبانی اختصاصی'}, {'title': 'ارسال فوری برای شهر تهران (رایگان)'}], 'is_jet_eligible': True, 'cash_back': 0, 'is_general_location_jet_eligible': False, 'fast_shipping_text': 'ارسال فردا'}, 'warranty': {'id': 9732, 'title_fa': 'گارانتی 18 ماهه شرکتی', 'title_en': 'گارانتی 18 ماهه شرکتی'}, 'color': {'id': 9, 'title': 'سرمه ای', 'hex_code': '#002171'}, 'seller': {'id': 389375, 'title': 'اسمارت تکنولوژی قشم', 'code': 'CGDG9', 'url': 'https://www.digikala.com/seller/CGDG9/', 'ra
[...]
ning_deal': False, 'is_plus_early_access': False}, 'shipment_methods': {'description': 'موجود در انبار دیجی\u200cکالا', 'has_lead_time': True, 'providers': [{'title': 'ارسال دیجی\u200cکالا', 'description': 'این کالا در انبار دیجی\u200cکالا موجود و آماده پردازش است و توسط پیک دیجی\u200cکالا در بازه انتخابی ارسال خواهد شد.', 'has_lead_time': False, 'type': 'digikala'}, {'title': 'ارسال امروز (فعلا در شهر تهران و کرج)', 'description': 'اگر سفارش را قبل از ساعت ۶ عصر ثبت کنید، همان روز ارسال می\u200cشود. در صورت ثبت سفارش بعد از ساعت ۶ عصر، فردا ارسال خواهد شد.', 'has_lead_time': False, 'type': 'jet'}]}, 'has_importer_price': False, 'manufacture_price_not_exist': False, 'has_best_price_in_last_month': False}, 'second_default_variant': {'id': 49417662, 'lead_time': 1, 'rank': 75.417, 'rate': 72.6, 'statistics': {'totally_satisfied': {'rate_count': 32, 'rate': 31.37}, 'satisfied': {'rate_count': 33, 'rate': 32.35}, 'neutral': {'rate_count': 15, 'rate': 14.71}, 'dissatisfied': {'rate_count': 11, 'rate': 10.78}, 'totally_dissatisfied': {'rate_count': 11, 'rate': 10.78}, 'total_count': 102, 'total_rate': 72.6}, 'status': 'marketable', 'properties': {'is_fast_shipping': False, 'is_ship_by_seller': False, 'is_multi_warehouse': False, 'has_similar_variants': True, 'is_rural': False, 'in_digikala_warehouse': False}, 'digiplus': {'services': ['۴ ارسال رایگان عادی', '۲ ارسال سوپرمارکت', 'پشتیبانی اختصاصی'], 'services_summary': ['ارسال رایگان'], 'service_list': [{'title': '۴ ارسال رایگان عادی'}, {'title': '۲ ارسال سوپرمارکت'}, {'title': 'پشتیبانی اختصاصی'}], 'is_jet_eligible': False, 'cash_back': 0, 'is_general_location_jet_eligible': False}, 'warranty': {'id': 3, 'title_fa': 'سرویس ویژه دیجی کالا: 7 روز تضمین بازگشت کالا', 'title_en': 'سرویس ویژه دیجی کالا: 7 روز تضمین بازگشت کالا'}, 'color': {'id': 1, 'title': 'مشکی', 'hex_code': '#212121'}, 'seller': {'id': 223975, 'title': 'گالری الماس ایرانیان', 'code': 'AUFTV', 'url': 'https://www.digikala.com/seller/AUFTV/', 'rating': {'total_rate': 72, 'total_count': 76430, 'commitment': 100, 'no_return': 99.8, 'on_time_shipping': 99.5}, 'properties': {'is_trusted': False, 'is_official': False, 'is_roosta': False, 'is_new': False}, 'stars': 5, 'grade': {'label': 'عالی', 'color': '#00a049'}, 'registration_date': '5 سال و 3 ماه'}, 'digiclub': {'point': 5}, 'price': {'selling_price': 460000, 'rrp_price': 460000, 'order_limit': 5, 'is_incredible': False, 'is_promotion': False, 'is_locked_for_digiplus': False, 'bnpl_active': False, 'discount_percent': 0, 'is_plus_early_access': False}, 'shipment_methods': {'description': 'موجود در انبار فروشنده', 'has_lead_time': False, 'providers': [{'title': 'ارسال دیجی\u200cکالا از 1 روز کاری دیگر', 'description': 'این کالا پس از مدت زمان مشخص شده توسط فروشنده در انبار دیجی\u200cکالا تامین و آماده پردازش می\u200cگردد و توسط پیک دیجی\u200cکالا در بازه انتخابی ارسال خواهد شد.', 'has_lead_time': True, 'type': 'digikala'}]}, 'has_importer_price': False, 'manufacture_price_not_exist': False, 'has_best_price_in_last_month': False}}, {'id': 1728883, 'title_fa': 'ساعت هوشمند مدل Κ5͏͏9͏͏.p͏r͏o͏', 'title_en': '', 'url': {'uri': '/product/dkp-1728883/ساعت-هوشمند-مدل-κ59pro'}, 'status': 'marketable', 'has_quick_view': False, 'data_layer': {'brand': 'متفرقه', 'category': '[AC,ساعت هوشمند]', 'metric6': 5, 'dimension2': 64, 'dimension6': 0, 'dimension7': 'incredible', 'dimension9': 5, 'dimension11': 0, 'dimension20': 'marketable', 'item_category2': 'کالای دیجیتال', 'item_category3': 'ساعت و مچ بند هوشمند', 'item_category4': 'ساعت هوشمند', 'item_category5': '', 'dimension19': 'incredible-products'}, 'product_type': 'product', 'test_title_fa': '', 'test_title_en': '', 'digiplus': {'services': ['۴ ارسال رایگان عادی', '۲ ارسال سوپرمارکت', 'پشتیبانی اختصاصی'], 'services_summary': ['ارسال رایگان'], 'service_list': [{'title': '۴ ارسال رایگان عادی'}, {'title': '۲ ارسال سوپرمارکت'}, {'title': 'پشتیبانی اختصاصی'}], 'is_jet_eligible': False, 'cash_back': 0, 'is_general_location_jet_eligible': False}, 'has_fresh_touchpoint': False, 'platforms': ['digikala'], 'images': {'main': {'url': ['https://dkstatics-public.digikala.com/digikala-products/1b3e627c79389e9f99bd355154bc317d21acc555_1737815282.jpg?x-oss-process=image/resize,m_lfit,h_300,w_300/quality,q_80'], 'webp_url': ['https://dkstatics-public.digikala.com/digikala-products/1b3e627c79389e9f99bd355154bc317d21acc555_1737815282.jpg?x-oss-process=image/resize,m_lfit,h_300,w_300/format,webp/quality,q_80']}}, 'properties': {'is_fast_shipping': False, 'is_ship_by_seller': False, 'free_shipping_badge': False, 'is_multi_warehouse': False, 'is_fake': False, 'has_gift': False, 'min_price_in_last_month': 7340000, 'is_non_inventory': False, 'is_ad': False, 'is_jet_eligible': False, 'is_medical_supplement': False}, 'rating': {'rate': 100, 'count': 5}, 'default_variant': {'id': 63369101, 'lead_time': 2, 'rank': 3721.95, 'rate': 0, 'status': 'marketable', 'properties': {'is_fast_shipping': False, 'is_ship_by_seller': False, 'is_multi_warehouse': False, 'has_similar_variants': False, 'is_rural': False, 'in_digikala_warehouse': False}, 'digiplus': {'services': ['۴ ارسال رایگان عادی', '۲ ارسال سوپرمارکت', 'پشتیبانی اختصاصی'], 'services_summary': ['ارسال رایگان'], 'service_list': [{'title': '۴ ارسال رایگان عادی'}, {'title': '۲ ارسال سوپرمارکت'}, {'title': 'پشتیبانی اختصاصی'}], 'is_jet_eligible': False, 'cash_back': 0, 'is_general_location_jet_eligible': False}, 'warranty': {'id': 3, 'title_fa': 'سرویس ویژه دیجی کالا: 7 روز تضمین بازگشت کالا', 'title_en': 'سرویس ویژه دیجی کالا: 7 روز تضمین بازگشت کالا'}, 'color': {'id': 27, 'title': 'کرم', 'hex_code': '#ffecca'}, 'seller': {'id': 1032409, 'title': 'سینداد مارکت', 'code': 'EP5XS', 'url': 'https://www.digikala.com/seller/EP5XS/', 'rating': {'total_rate': 79, 'total_count': 46253, 'commitment': 100, 'no_return': 99.8, 'on_time_shipping': 96.5}, 'properties': {'is_trusted': False, 'is_official': False, 'is_roosta': False, 'is_new': False}, 'stars': 4.85, 'grade': {'label': 'عالی', 'color': '#00a049'}, 'registration_date': '2 سال و 3 ماه'}, 'digiclub': {'point': 150}, 'price': {'selling_price': 24900000, 'rrp_price': 69900000, 'order_limit': 3, 'is_incredible': True, 'is_promotion': False, 'is_locked_for_digiplus': False, 'bnpl_active': False, 'marketable_stock': 3, 'discount_percent': 64, 'timer': 2413, 'sold_percentage': 40, 'badge': {'title': 'شگفت\u200cانگیز سفارشی', 'color': '#E6123D', 'icon': {'url': ['https://api.digikala.com/static/files/d9d0961f.svg']}}, 'is_digiplus_promotion': False, 'is_digiplus_early_access': False, 'is_application_incredible': False, 'is_lightening_deal': True, 'is_plus_early_access': False}, 'shipment_methods': {'description': 'موجود در انبار فروشنده', 'has_lead_time': False, 'providers': [{'title': 'ارسال دیجی\u200cکالا از 2 روز کاری دیگر', 'description': 'این کالا پس از مدت زمان مشخص شده توسط فروشنده در انبار دیجی\u200cکالا تامین و آماده پردازش می\u200cگردد و توسط پیک دیجی\u200cکالا در بازه انتخابی ارسال خواهد شد.', 'has_lead_time': True, 'type': 'digikala'}]}, 'has_importer_price': False, 'manufacture_price_not_exist': False, 'has_best_price_in_last_month': False, 'variant_badges': [{'id': -1, 'type': 'simple', 'slot': 'pdp_above_add_to_cart', 'priority': 0, 'payload': {'text': 'تنها 3 عدد در انبار باقی مانده', 'text_color': '#d32f2f', 'svg_icon': 'https://dkstatics-public.digikala.com/digikala-static/54419b9303246cde131fcb5b251b86f2ab4aeb71_1716833765.svg'}}]}, 'second_default_variant': {'id': 63327054, 'lead_time': 2, 'rank': 19.635, 'rate': 0, 'status': 'marketable', 'properties': {'is_fast_shipping': False, 'is_ship_by_seller': False, 'is_multi_warehouse': False, 'has_similar_variants': True, 'is_rural': False, 'in_digikala_warehouse': False}, 'digiplus': {'services': ['۴ ارسال رایگان عادی', '۲ ارسال سوپرمارکت', 'پشتیبانی اختصاصی'], 'services_summary': ['ارسال رایگان'], 'service_list': [{'title': '۴ ارسال رایگان عادی'}, {'title': '۲ ارسال سوپرمارکت'}, {'title': 'پشتیبانی اختصاصی'}], 'is_jet_eligible': False, 'cash_back': 0, 'is_general_location_jet_eligible': False}, 'warranty': {'id': 3, 'title_fa': 'سرویس ویژه دیجی کالا: 7 روز تضمین بازگشت کالا', 'title_en': 'سرویس ویژه دیجی کالا: 7 روز تضمین بازگشت کالا'}, 'color': {'id': 56, 'title': 'مشکی براق', 'hex_code': '#000000'}, 'seller': {'id': 1032409, 'title': 'سینداد مارکت', 'code': 'EP5XS', 'url': 'https://www.digikala.com/seller/EP5XS/', 'rating': {'total_rate': 79, 'total_count': 46201, 'commitment': 100, 'no_return': 99.8, 'on_time_shipping': 96.2}, 'properties': {'is_trusted': False, 'is_official': False, 'is_roosta': False, 'is_new': False}, 'stars': 4.85, 'grade': {'label': 'عالی', 'color': '#00a049'}, 'registration_date': '2 سال و 3 ماه'}, 'digiclub': {'point': 150}, 'price': {'selling_price': 69900000, 'rrp_price': 69900000, 'order_limit': 5, 'is_incredible': False, 'is_promotion': False, 'is_locked_for_digiplus': False, 'bnpl_active': False, 'discount_percent': 0, 'is_plus_early_access': False}, 'shipment_methods': {'description': 'موجود در انبار فروشنده', 'has_lead_time': False, 'providers': [{'title': 'ارسال دیجی\u200cکالا از 2 روز کاری دیگر', 'description': 'این کالا پس از مدت زمان مشخص شده توسط فروشنده در انبار دیجی\u200cکالا تامین و آماده پردازش می\u200cگردد و توسط پیک دیجی\u200cکالا در بازه انتخابی ارسال خواهد شد.', 'has_lead_time': True, 'type': 'digikala'}]}, 'has_importer_price': False, 'manufacture_price_not_exist': False, 'has_best_price_in_last_month': False}}], 'products_count': 60, 'display_type': 'mini'}, 'sort': 5}, {'widget_type': 'banner', 'widget_id': 14601, 'data': {'type': '4A', 'desktop': [{'image': {'id': 55597, 'alt': '', 'title': '', 'url': 'https://dkstatics-public.digikala.com/digikala-admin-landing/167890e3cb3350e27eaf94fa283ac244c047ab89_1730728748.jpg', 'webp_url': 'https://dkstatics-public.digikala.com/digikala-admin-landing/167890e3cb3350e27eaf94fa283ac244c047ab89_1730728748.jpg?x-oss-process=image/format,webp'}, 'url': {'uri': '/search/category-cell-phone-pouch-cover/?camCode=1591'}}, {'image': {'id': 55805, 'alt': '', 'title': '', 'url': 'https://dkstatics-public.digikala.com/digikala-admin-landing/a8771a4f89e6b8d5e9224be9445ba392179293c9_1731502824.jpg', 'webp_url': 'https://dkstatics-public.digikala.com/digikala-admin-landing/a8771a4f89e6b8d5e9224be9445ba392179293c9_1731502824.jpg?x-oss-process=image/format,webp'}, 'url': {'uri': '/search/category-power-bank/?camCode=1591'}}, {'image': {'id': 55804, 'alt': '', 'title': '', 'url': 'https://dkstatics-public.digikala.com/digikala-admin-landing/a741ed987a9db788cd8a62ecdfe9168a8c5986ae_1731502773.jpg', 'webp_url': 'https://dkstatics-public.digikala.com/digikala-admin-landing/a741ed987a9db788cd8a62ecdfe9168a8c5986ae_1731502773.jpg?x-oss-process=image/format,webp'}, 'url': {'uri': '/search/category-headphone/?camCode=1591'}}, {'image': {'id': 55594, 'alt': '', 'title': '', 'url': 'https://dkstatics-public.digikala.com/digikala-admin-landing/b4411ec8521865d82616c791c0b61193d087bc6b_1730728747.jpg', 'webp_url': 'https://dkstatics-public.digikala.com/digikala-admin-landing/b4411ec8521865d82616c791c0b61193d087bc6b_1730728747.jpg?x-oss-process=image/format,webp'}, 'url': {'uri': '/search/category-wearable-gadget/?camCode=1591'}}], 'mobile': [{'image': {'id': 55597, 'alt': '', 'title': '', 'url': 'https://dkstatics-public.digikala.com/digikala-admin-landing/167890e3cb3350e27eaf94fa283ac244c047ab89_1730728748.jpg', 'webp_url': 'https://dkstatics-public.digikala.com/digikala-admin-landing/167890e3cb3350e27eaf94fa283ac244c047ab89_1730728748.jpg?x-oss-process=image/format,webp'}, 'url': {'uri': '/search/category-cell-phone-pouch-cover/?camCode=1591'}}, {'image': {'id': 55792, 'alt': '', 'title': '', 'url': 'https://dkstatics-public.digikala.com/digikala-admin-landing/9cb12eb5a57c6cef699165d43cfcd7b4845c4cd1_1731499612.jpg', 'webp_url': 'https://dkstatics-public.digikala.com/digikala-admin-landing/9cb12eb5a57c6cef699165d43cfcd7b4845c4cd1_1731499612.jpg?x-oss-process=image/format,webp'}, 'url': {'uri': '/search/category-power-bank/?camCode=1591'}}, {'image': {'id': 55595, 'alt': '', 'title': '', 'url': 'https://dkstatics-public.digikala.com/digikala-admin-landing/d3d6c652185feb689bf35de2935b26634bac3772_1730728747.jpg', 'webp_url': 'https://dkstatics-public.digikala.com/digikala-admin-landing/d3d6c652185feb689bf35de2935b26634bac3772_1730728747.jpg?x-oss-process=image/format,webp'}, 'url': {'uri': '/search/category-headphone/?camCode=1591'}}, {'image': {'id': 55594, 'alt': '', 'title': '', 'url': 'https://dkstatics-public.digikala.com/digikala-admin-landing/b4411ec8521865d82616c791c0b61193d087bc6b_1730728747.jpg', 'webp_url': 'https://dkstatics-public.digikala.com/digikala-admin-landing/b4411ec8521865d82616c791c0b61193d087bc6b_1730728747.jpg?x-oss-process=image/format,webp'}, 'url': {'uri': '/search/category-wearable-gadget/?camCode=1591'}}], 'title': ''}, 'sort': 6}, {'widget_type': 'banner', 'widget_id': 14925, 'data': {'type': '1D', 'desktop': [{'image': {'id': 55999, 'alt': '', 'title': '', 'url': 'https://dkstatics-public.digikala.com/digikala-admin-landing/bd24899ecaa8a88c1afdd7b84df3026cece8e1f0_1731935487.jpg', 'webp_url': 'https://dkstatics-public.digikala.com/digikala-admin-landing/bd24899ecaa8a88c1afdd7b84df3026cece8e1f0_1731935487.jpg?x-oss-process=image/format,webp'}, 'url': {'uri': '/cheque/search/category-mobile/?camCode=1591'}}], 'mobile': [{'image': {'id': 55998, 'alt': '', 'title': '', 'url': 'https://dkstatics-public.digikala.com/digikala-admin-landing/91ffa1aeb8f91362724e09c6a3cf5b015f584c90_1731935487.jpg', 'webp_url': 'https://dkstatics-public.digikala.com/digikala-admin-landing/91ffa1aeb8f91362724e09c6a3cf5b015f584c90_1731935487.jpg?x-oss-process=image/format,webp'}, 'url': {'uri': '/cheque/search/category-mobile/?camCode=1591'}}], 'title': ''}, 'sort': 7}, {'widget_type': 'special_carousel', 'widget_id': 14720, 'data': {'type': 'article', 'title': '', 'news': [{'post_type': 'post', 'title': 'آموزش جامع نوتیفیکیشن آیفون؛ از تنظیمات ظاهری تا تغییر صدا', 'url': {'uri': '/mag/iphone-notification-settings/'}, 'created_at': '۲ روز  قبل', 'image': 'https://www.digikala.com/mag/wp-content/uploads/2025/01/Untitled-1-10-610x380.jpg', 'category_title': 'آموزش و ترفند'}, {'post_type': 'post', 'title': 'قیمت گوشی S25 ،S25 پلاس و S25 اولترا مشخص شد', 'url': {'uri': '/mag/samsung-galaxy-s25-s25-plus-and-s25-ultra-price/'}, 'created_at': '۱ هفته  قبل', 'image': 'https://www.digikala.com/mag/wp-content/uploads/2025/01/Untitled-14-610x380.jpg', 'category_title': 'خبر تکنولوژی'}, {'post_type': 'post', 'title': 'سامسونگ نسخه نهایی One UI 7 را با امکانات جذاب رونمایی کرد', 'url': {'uri': '/mag/oen-ui-7-introduced/'}, 'created_at': '۱ هفته  قبل', 'image': 'https://www.digikala.com/mag/wp-content/uploads/2025/01/Untitled-12-610x380.jpg', 'category_title': 'خبر تکنولوژی'}, {'post_type': 'post', 'title': 'سامسونگ تأیید کرد؛ گوشی تاشو سه\u200cتکه قطعا عرضه می\u200cشود', 'url': {'uri': '/mag/samsung-just-confirmed-its-tri-folding-galaxy-smartphone/'}, 'created_at': '۱ هفته  قبل', 'image': 'https://www.digikala.com/mag/wp-content/uploads/2025/01/Untitled-11-610x380.jpg', 'category_title': 'خبر تکنولوژی'}, {'post_type': 'post', 'title': 'سامسونگ و گوگل با همکاری یکدیگر عینک واقعیت افزوده می\u200cسازند', 'url': {'uri': '/mag/samsung-and-google-are-developing-ar-glasses-together/'}, 'created_at': '۱ هفته  قبل', 'image': 'https://www.digikala.com/mag/wp-content/uploads/2025/01/عینک-واقعیت-افزوده-سامسونگ-610x380.jpg', 'category_title': 'خبر تکنولوژی'}, {'post_type': 'post', 'title': 'S25 Slim نه! گوشی فوق باریک سامسونگ گلکسی S25 Edge نام دارد', 'url': {'uri': '/mag/galaxy-s25-edge-teased-galaxy-unpacked/'}, 'created_at': '۱ هفته  قبل', 'image': 'https://www.digikala.com/mag/wp-content/uploads/2025/01/Untitled-8-610x380.jpg', 'category_title': 'خبر تکنولوژی'}, {'post_type': 'post', 'title': 'گلکسی S25 دیگر ۸ گیگابایت رم ندارد؛ مدل پایه با ۱۲ گیگابایت رم عرضه می\u200cشود', 'url': {'uri': '/mag/smallest-galaxy-s25-model-brings-a-nice-little-memory-upgrade/'}, 'created_at': '۱ هفته  قبل', 'image': 'https://www.digikala.com/mag/wp-content/uploads/2025/01/Untitled-4-1-610x380.jpg', 'category_title': 'خبر تکنولوژی'}, {'post_type': 'post', 'title': 'گلکسی S25 با اسنپدراگون ۸ الیت مخصوص گلکسی پرچم\u200cداران دیگر را نابود می\u200cکند', 'url': {'uri': '/mag/galaxy-s25-leaves-other-flagships-in-dust-thanks-to-snapdragon-8-elite-for-galaxygalaxy-s25-leaves-other-flagships-in-dust-thanks-to-snapdragon-8-elite-for-galaxy/'}, 'created_at': '۱ هفته  قبل', 'image': 'https://www.digikala.com/mag/wp-content/uploads/2025/01/snapdragon-8-elite-FOR-GALAXY-610x380.jpg', 'category_title': 'خبر تکنولوژی'}, {'post_type': 'post', 'title': 'گوریلا آرمور ۲ رونمایی شد؛ نمایشگر گلکسی S25 اولترا مقاوم\u200cتر از همیشه خواهد بود', 'url': {'uri': '/mag/gorilla-armor-2-debuts-on-galaxy-s25-ultra/'}, 'created_at': '۱ هفته  قبل', 'image': 'https://www.digikala.com/mag/wp-content/uploads/2025/01/Untitled-5-610x380.jpg', 'category_title': 'موبایل'}, {'post_type': 'post', 'title': 'سری گلکسی S25 چند سال آپدیت دریافت می\u200cکند؟', 'url': {'uri': '/mag/heres-how-long-the-galaxy-s25-series-will-get-software-updates/'}, 'created_at': '۱ هفته  قبل', 'image': 'https://www.digikala.com/mag/wp-content/uploads/2025/01/Untitled-3-3-610x380.jpg', 'category_title': 'خبر تکنولوژی'}], 'see_more_url': {'uri': '/mag/tag/smartphones  /'}}, 'sort': 8}, {'widget_type': 'faq', 'widget_id': 14926, 'data': {'faq': {'id': 67, 'title': 'سوالات متداول گوشی موبایل', 'see_more_url': {'uri': '/faq/category/67/'}, 'icon': {'storage_ids': {'1': '9a170a20e5c29b1b1040532cacdd14bf893fb41a_1624863241'}, 'url': ['https://dkstatics-public.digikala.com/digikala-faq/9a170a20e5c29b1b1040532cacdd14bf893fb41a_1624863241.png'], 'webp_url': ['https://dkstatics-public.digikala.com/digikala-faq/9a170a20e5c29b1b1040532cacdd14bf893fb41a_1624863241.png?x-oss-process=image/format,webp']}, 'questions': [{'id': 781, 'title': 'ارزان ترین سایت خرید گوشی کدام فروشگاه است؟', 'short_answers': ['&lt;p&gt;✓ فروشگاه اینترنتی دیجی&amp;zwnj;کالا به عنوان یک مرجع جامع با قیمت&amp;zwnj;های به روز، این امکان را فراهم کرده که&amp;nbsp;بتوانید جدیدترین و ارزان ترین گوشی&amp;zwnj;های بازار در طرح&amp;zwnj;ها و رنگ&amp;zwnj;های متنوع مانند&amp;nbsp;&lt;strong&gt;&lt;a href="https://www.digikala.com/search/category-mobile-phone/samsung/" target="_blank"&gt;گوشی موبایل سامسونگ&lt;/a&gt;&lt;/strong&gt;&amp;nbsp;و&amp;nbsp;&lt;a href="https://www.digikala.com/search/category-mobile-phone/xiaomi/" target="_blank"&gt;&lt;strong&gt;گوشی موبایل شیائومی&lt;/strong&gt;&lt;/a&gt;&amp;nbsp;را مقایسه و خریداری کنید.&lt;/p&gt;'], 'is_frequent': False, 'sort': 255}, {'id': 782, 'title': 'آیا قیمت انواع گوشی ها در دیجی کالا به روز هستند؟', 'short_answers': ['&lt;p&gt;✓ بله، تمام قیمت های گوشی ها مانند &lt;a href="https://www.digikala.com/search/category-mobile-phone/samsung/" target="_blank"&gt;گوشی موبایل سامسونگ&lt;/a&gt; و &lt;a href="http://www.digikala.com/search/category-mobile-phone/huawei/" target="_blank"&gt;گوشی موبایل هواوی&lt;/a&gt; در فروشگاه اینترنتی دیجی کالا به روز هستند و شما می توانید با مراجعه به صفحه ی گوشی مورد نظرتان&amp;nbsp; بعد از مقایسه قیمت ها، آنلاین خرید کنید.&lt;/p&gt;'], 'is_frequent': False, 'sort': 255}]}}, 'sort': 9}], 'studio_signed': 'Alt3 10011101001001001100 Alt3'}}</msg>
<arg>${response.json()}</arg>
<doc>Logs the given message with the given level.</doc>
<status status="PASS" start="2025-01-31T23:19:49.600772" elapsed="0.061523"/>
</kw>
<status status="PASS" start="2025-01-31T23:19:49.599975" elapsed="0.062451"/>
</kw>
<status status="PASS" start="2025-01-31T23:19:38.280754" elapsed="11.382175"/>
</test>
<status status="PASS" start="2025-01-31T23:19:37.416711" elapsed="12.247770"/>
</suite>
<statistics>
<total>
<stat pass="1" fail="0" skip="0">All Tests</stat>
</total>
<tag>
</tag>
<suite>
<stat name="Robot Digi Api Test" id="s1" pass="1" fail="0" skip="0">Robot Digi Api Test</stat>
</suite>
</statistics>
<errors>
</errors>
</robot>
